00:06:12.105 INFO   e.c.o.j.s.c.f.Match - Фигура R была поставлена на A8
00:06:12.107 INFO   e.c.o.j.s.c.f.Match - Фигура Knt была поставлена на B8
00:06:12.108 INFO   e.c.o.j.s.c.f.Match - Фигура B была поставлена на C8
00:06:12.108 INFO   e.c.o.j.s.c.f.Match - Фигура Q была поставлена на D8
00:06:12.108 INFO   e.c.o.j.s.c.f.Match - Фигура K была поставлена на E8
00:06:12.108 INFO   e.c.o.j.s.c.f.Match - Фигура B была поставлена на F8
00:06:12.108 INFO   e.c.o.j.s.c.f.Match - Фигура Knt была поставлена на G8
00:06:12.108 INFO   e.c.o.j.s.c.f.Match - Фигура R была поставлена на H8
00:06:12.130 INFO   e.c.o.j.s.c.f.Match - Фигура P была поставлена на A7
00:06:12.130 INFO   e.c.o.j.s.c.f.Match - Фигура P была поставлена на B7
00:06:12.130 INFO   e.c.o.j.s.c.f.Match - Фигура P была поставлена на C7
00:06:12.131 INFO   e.c.o.j.s.c.f.Match - Фигура P была поставлена на D7
00:06:12.131 INFO   e.c.o.j.s.c.f.Match - Фигура P была поставлена на E7
00:06:12.131 INFO   e.c.o.j.s.c.f.Match - Фигура P была поставлена на F7
00:06:12.131 INFO   e.c.o.j.s.c.f.Match - Фигура P была поставлена на G7
00:06:12.131 INFO   e.c.o.j.s.c.f.Match - Фигура P была поставлена на H7
00:06:12.131 ERROR  e.c.o.j.s.c.f.Match - Клетка A6 пуста
00:06:12.131 ERROR  e.c.o.j.s.c.f.Match - Клетка B6 пуста
00:06:12.131 ERROR  e.c.o.j.s.c.f.Match - Клетка C6 пуста
00:06:12.131 ERROR  e.c.o.j.s.c.f.Match - Клетка D6 пуста
00:06:12.131 ERROR  e.c.o.j.s.c.f.Match - Клетка E6 пуста
00:06:12.132 ERROR  e.c.o.j.s.c.f.Match - Клетка F6 пуста
00:06:12.132 ERROR  e.c.o.j.s.c.f.Match - Клетка G6 пуста
00:06:12.132 ERROR  e.c.o.j.s.c.f.Match - Клетка H6 пуста
00:06:12.132 ERROR  e.c.o.j.s.c.f.Match - Клетка A5 пуста
00:06:12.132 ERROR  e.c.o.j.s.c.f.Match - Клетка B5 пуста
00:06:12.132 ERROR  e.c.o.j.s.c.f.Match - Клетка C5 пуста
00:06:12.132 ERROR  e.c.o.j.s.c.f.Match - Клетка D5 пуста
00:06:12.132 ERROR  e.c.o.j.s.c.f.Match - Клетка E5 пуста
00:06:12.132 ERROR  e.c.o.j.s.c.f.Match - Клетка F5 пуста
00:06:12.132 ERROR  e.c.o.j.s.c.f.Match - Клетка G5 пуста
00:06:12.132 ERROR  e.c.o.j.s.c.f.Match - Клетка H5 пуста
00:06:12.132 ERROR  e.c.o.j.s.c.f.Match - Клетка A4 пуста
00:06:12.132 ERROR  e.c.o.j.s.c.f.Match - Клетка B4 пуста
00:06:12.133 ERROR  e.c.o.j.s.c.f.Match - Клетка C4 пуста
00:06:12.133 ERROR  e.c.o.j.s.c.f.Match - Клетка D4 пуста
00:06:12.133 ERROR  e.c.o.j.s.c.f.Match - Клетка E4 пуста
00:06:12.133 ERROR  e.c.o.j.s.c.f.Match - Клетка F4 пуста
00:06:12.133 ERROR  e.c.o.j.s.c.f.Match - Клетка G4 пуста
00:06:12.133 ERROR  e.c.o.j.s.c.f.Match - Клетка H4 пуста
00:06:12.133 ERROR  e.c.o.j.s.c.f.Match - Клетка A3 пуста
00:06:12.133 ERROR  e.c.o.j.s.c.f.Match - Клетка B3 пуста
00:06:12.133 ERROR  e.c.o.j.s.c.f.Match - Клетка C3 пуста
00:06:12.133 ERROR  e.c.o.j.s.c.f.Match - Клетка D3 пуста
00:06:12.134 ERROR  e.c.o.j.s.c.f.Match - Клетка E3 пуста
00:06:12.134 ERROR  e.c.o.j.s.c.f.Match - Клетка F3 пуста
00:06:12.134 ERROR  e.c.o.j.s.c.f.Match - Клетка G3 пуста
00:06:12.134 ERROR  e.c.o.j.s.c.f.Match - Клетка H3 пуста
00:06:12.134 INFO   e.c.o.j.s.c.f.Match - Фигура P была поставлена на A2
00:06:12.134 INFO   e.c.o.j.s.c.f.Match - Фигура P была поставлена на B2
00:06:12.134 INFO   e.c.o.j.s.c.f.Match - Фигура P была поставлена на C2
00:06:12.134 INFO   e.c.o.j.s.c.f.Match - Фигура P была поставлена на D2
00:06:12.134 INFO   e.c.o.j.s.c.f.Match - Фигура P была поставлена на E2
00:06:12.135 INFO   e.c.o.j.s.c.f.Match - Фигура P была поставлена на F2
00:06:12.135 INFO   e.c.o.j.s.c.f.Match - Фигура P была поставлена на G2
00:06:12.135 INFO   e.c.o.j.s.c.f.Match - Фигура P была поставлена на H2
00:06:12.135 INFO   e.c.o.j.s.c.f.Match - Фигура R была поставлена на A1
00:06:12.135 INFO   e.c.o.j.s.c.f.Match - Фигура Knt была поставлена на B1
00:06:12.135 INFO   e.c.o.j.s.c.f.Match - Фигура B была поставлена на C1
00:06:12.135 INFO   e.c.o.j.s.c.f.Match - Фигура Q была поставлена на D1
00:06:12.135 INFO   e.c.o.j.s.c.f.Match - Фигура K была поставлена на E1
00:06:12.135 INFO   e.c.o.j.s.c.f.Match - Фигура B была поставлена на F1
00:06:12.135 INFO   e.c.o.j.s.c.f.Match - Фигура Knt была поставлена на G1
00:06:12.135 INFO   e.c.o.j.s.c.f.Match - Фигура R была поставлена на H1
00:06:14.117 INFO   e.c.o.j.s.chess.Main - Игра началась!
00:06:35.416 INFO   e.c.o.j.s.chess.Main - Игра началась!
00:06:35.730 INFO   e.c.o.j.s.c.f.Match - Фигура R была поставлена на A8
00:06:35.730 INFO   e.c.o.j.s.c.f.Match - Фигура Knt была поставлена на B8
00:06:35.730 INFO   e.c.o.j.s.c.f.Match - Фигура B была поставлена на C8
00:06:35.730 INFO   e.c.o.j.s.c.f.Match - Фигура Q была поставлена на D8
00:06:35.730 INFO   e.c.o.j.s.c.f.Match - Фигура K была поставлена на E8
00:06:35.730 INFO   e.c.o.j.s.c.f.Match - Фигура B была поставлена на F8
00:06:35.730 INFO   e.c.o.j.s.c.f.Match - Фигура Knt была поставлена на G8
00:06:35.730 INFO   e.c.o.j.s.c.f.Match - Фигура R была поставлена на H8
00:06:35.730 INFO   e.c.o.j.s.c.f.Match - Фигура P была поставлена на A7
00:06:35.731 INFO   e.c.o.j.s.c.f.Match - Фигура P была поставлена на B7
00:06:35.731 INFO   e.c.o.j.s.c.f.Match - Фигура P была поставлена на C7
00:06:35.731 INFO   e.c.o.j.s.c.f.Match - Фигура P была поставлена на D7
00:06:35.731 INFO   e.c.o.j.s.c.f.Match - Фигура P была поставлена на E7
00:06:35.731 INFO   e.c.o.j.s.c.f.Match - Фигура P была поставлена на F7
00:06:35.731 INFO   e.c.o.j.s.c.f.Match - Фигура P была поставлена на G7
00:06:35.731 INFO   e.c.o.j.s.c.f.Match - Фигура P была поставлена на H7
00:06:35.731 ERROR  e.c.o.j.s.c.f.Match - Клетка A6 пуста
00:06:35.732 ERROR  e.c.o.j.s.c.f.Match - Клетка B6 пуста
00:06:35.732 ERROR  e.c.o.j.s.c.f.Match - Клетка C6 пуста
00:06:35.732 ERROR  e.c.o.j.s.c.f.Match - Клетка D6 пуста
00:06:35.732 ERROR  e.c.o.j.s.c.f.Match - Клетка E6 пуста
00:06:35.732 ERROR  e.c.o.j.s.c.f.Match - Клетка F6 пуста
00:06:35.732 ERROR  e.c.o.j.s.c.f.Match - Клетка G6 пуста
00:06:35.733 ERROR  e.c.o.j.s.c.f.Match - Клетка H6 пуста
00:06:35.733 ERROR  e.c.o.j.s.c.f.Match - Клетка A5 пуста
00:06:35.733 ERROR  e.c.o.j.s.c.f.Match - Клетка B5 пуста
00:06:35.733 ERROR  e.c.o.j.s.c.f.Match - Клетка C5 пуста
00:06:35.733 ERROR  e.c.o.j.s.c.f.Match - Клетка D5 пуста
00:06:35.733 ERROR  e.c.o.j.s.c.f.Match - Клетка E5 пуста
00:06:35.733 ERROR  e.c.o.j.s.c.f.Match - Клетка F5 пуста
00:06:35.733 ERROR  e.c.o.j.s.c.f.Match - Клетка G5 пуста
00:06:35.734 ERROR  e.c.o.j.s.c.f.Match - Клетка H5 пуста
00:06:35.734 ERROR  e.c.o.j.s.c.f.Match - Клетка A4 пуста
00:06:35.734 ERROR  e.c.o.j.s.c.f.Match - Клетка B4 пуста
00:06:35.734 ERROR  e.c.o.j.s.c.f.Match - Клетка C4 пуста
00:06:35.734 ERROR  e.c.o.j.s.c.f.Match - Клетка D4 пуста
00:06:35.734 ERROR  e.c.o.j.s.c.f.Match - Клетка E4 пуста
00:06:35.734 ERROR  e.c.o.j.s.c.f.Match - Клетка F4 пуста
00:06:35.734 ERROR  e.c.o.j.s.c.f.Match - Клетка G4 пуста
00:06:35.735 ERROR  e.c.o.j.s.c.f.Match - Клетка H4 пуста
00:06:35.735 ERROR  e.c.o.j.s.c.f.Match - Клетка A3 пуста
00:06:35.735 ERROR  e.c.o.j.s.c.f.Match - Клетка B3 пуста
00:06:35.735 ERROR  e.c.o.j.s.c.f.Match - Клетка C3 пуста
00:06:35.736 ERROR  e.c.o.j.s.c.f.Match - Клетка D3 пуста
00:06:35.736 ERROR  e.c.o.j.s.c.f.Match - Клетка E3 пуста
00:06:35.736 ERROR  e.c.o.j.s.c.f.Match - Клетка F3 пуста
00:06:35.736 ERROR  e.c.o.j.s.c.f.Match - Клетка G3 пуста
00:06:35.736 ERROR  e.c.o.j.s.c.f.Match - Клетка H3 пуста
00:06:35.736 INFO   e.c.o.j.s.c.f.Match - Фигура P была поставлена на A2
00:06:35.736 INFO   e.c.o.j.s.c.f.Match - Фигура P была поставлена на B2
00:06:35.737 INFO   e.c.o.j.s.c.f.Match - Фигура P была поставлена на C2
00:06:35.737 INFO   e.c.o.j.s.c.f.Match - Фигура P была поставлена на D2
00:06:35.737 INFO   e.c.o.j.s.c.f.Match - Фигура P была поставлена на E2
00:06:35.737 INFO   e.c.o.j.s.c.f.Match - Фигура P была поставлена на F2
00:06:35.737 INFO   e.c.o.j.s.c.f.Match - Фигура P была поставлена на G2
00:06:35.737 INFO   e.c.o.j.s.c.f.Match - Фигура P была поставлена на H2
00:06:35.737 INFO   e.c.o.j.s.c.f.Match - Фигура R была поставлена на A1
00:06:35.737 INFO   e.c.o.j.s.c.f.Match - Фигура Knt была поставлена на B1
00:06:35.737 INFO   e.c.o.j.s.c.f.Match - Фигура B была поставлена на C1
00:06:35.737 INFO   e.c.o.j.s.c.f.Match - Фигура Q была поставлена на D1
00:06:35.737 INFO   e.c.o.j.s.c.f.Match - Фигура K была поставлена на E1
00:06:35.737 INFO   e.c.o.j.s.c.f.Match - Фигура B была поставлена на F1
00:06:35.737 INFO   e.c.o.j.s.c.f.Match - Фигура Knt была поставлена на G1
00:06:35.737 INFO   e.c.o.j.s.c.f.Match - Фигура R была поставлена на H1
00:07:24.478 INFO   e.c.o.j.s.c.f.Match - Фигура R была поставлена на A8
00:07:24.480 INFO   e.c.o.j.s.c.f.Match - Фигура Knt была поставлена на B8
00:07:24.481 INFO   e.c.o.j.s.c.f.Match - Фигура B была поставлена на C8
00:07:24.481 INFO   e.c.o.j.s.c.f.Match - Фигура Q была поставлена на D8
00:07:24.481 INFO   e.c.o.j.s.c.f.Match - Фигура K была поставлена на E8
00:07:24.481 INFO   e.c.o.j.s.c.f.Match - Фигура B была поставлена на F8
00:07:24.481 INFO   e.c.o.j.s.c.f.Match - Фигура Knt была поставлена на G8
00:07:24.481 INFO   e.c.o.j.s.c.f.Match - Фигура R была поставлена на H8
00:07:24.481 INFO   e.c.o.j.s.c.f.Match - Фигура P была поставлена на A7
00:07:24.481 INFO   e.c.o.j.s.c.f.Match - Фигура P была поставлена на B7
00:07:24.481 INFO   e.c.o.j.s.c.f.Match - Фигура P была поставлена на C7
00:07:24.481 INFO   e.c.o.j.s.c.f.Match - Фигура P была поставлена на D7
00:07:24.481 INFO   e.c.o.j.s.c.f.Match - Фигура P была поставлена на E7
00:07:24.482 INFO   e.c.o.j.s.c.f.Match - Фигура P была поставлена на F7
00:07:24.482 INFO   e.c.o.j.s.c.f.Match - Фигура P была поставлена на G7
00:07:24.482 INFO   e.c.o.j.s.c.f.Match - Фигура P была поставлена на H7
00:07:24.482 ERROR  e.c.o.j.s.c.f.Match - Клетка A6 пуста
00:07:24.482 ERROR  e.c.o.j.s.c.f.Match - Клетка B6 пуста
00:07:24.482 ERROR  e.c.o.j.s.c.f.Match - Клетка C6 пуста
00:07:24.482 ERROR  e.c.o.j.s.c.f.Match - Клетка D6 пуста
00:07:24.483 ERROR  e.c.o.j.s.c.f.Match - Клетка E6 пуста
00:07:24.483 ERROR  e.c.o.j.s.c.f.Match - Клетка F6 пуста
00:07:24.483 ERROR  e.c.o.j.s.c.f.Match - Клетка G6 пуста
00:07:24.483 ERROR  e.c.o.j.s.c.f.Match - Клетка H6 пуста
00:07:24.483 ERROR  e.c.o.j.s.c.f.Match - Клетка A5 пуста
00:07:24.483 ERROR  e.c.o.j.s.c.f.Match - Клетка B5 пуста
00:07:24.483 ERROR  e.c.o.j.s.c.f.Match - Клетка C5 пуста
00:07:24.483 ERROR  e.c.o.j.s.c.f.Match - Клетка D5 пуста
00:07:24.483 ERROR  e.c.o.j.s.c.f.Match - Клетка E5 пуста
00:07:24.484 ERROR  e.c.o.j.s.c.f.Match - Клетка F5 пуста
00:07:24.484 ERROR  e.c.o.j.s.c.f.Match - Клетка G5 пуста
00:07:24.484 ERROR  e.c.o.j.s.c.f.Match - Клетка H5 пуста
00:07:24.484 ERROR  e.c.o.j.s.c.f.Match - Клетка A4 пуста
00:07:24.484 ERROR  e.c.o.j.s.c.f.Match - Клетка B4 пуста
00:07:24.484 ERROR  e.c.o.j.s.c.f.Match - Клетка C4 пуста
00:07:24.484 ERROR  e.c.o.j.s.c.f.Match - Клетка D4 пуста
00:07:24.484 ERROR  e.c.o.j.s.c.f.Match - Клетка E4 пуста
00:07:24.484 ERROR  e.c.o.j.s.c.f.Match - Клетка F4 пуста
00:07:24.485 ERROR  e.c.o.j.s.c.f.Match - Клетка G4 пуста
00:07:24.485 ERROR  e.c.o.j.s.c.f.Match - Клетка H4 пуста
00:07:24.485 ERROR  e.c.o.j.s.c.f.Match - Клетка A3 пуста
00:07:24.485 ERROR  e.c.o.j.s.c.f.Match - Клетка B3 пуста
00:07:24.485 ERROR  e.c.o.j.s.c.f.Match - Клетка C3 пуста
00:07:24.485 ERROR  e.c.o.j.s.c.f.Match - Клетка D3 пуста
00:07:24.485 ERROR  e.c.o.j.s.c.f.Match - Клетка E3 пуста
00:07:24.485 ERROR  e.c.o.j.s.c.f.Match - Клетка F3 пуста
00:07:24.485 ERROR  e.c.o.j.s.c.f.Match - Клетка G3 пуста
00:07:24.485 ERROR  e.c.o.j.s.c.f.Match - Клетка H3 пуста
00:07:24.486 INFO   e.c.o.j.s.c.f.Match - Фигура P была поставлена на A2
00:07:24.486 INFO   e.c.o.j.s.c.f.Match - Фигура P была поставлена на B2
00:07:24.486 INFO   e.c.o.j.s.c.f.Match - Фигура P была поставлена на C2
00:07:24.486 INFO   e.c.o.j.s.c.f.Match - Фигура P была поставлена на D2
00:07:24.486 INFO   e.c.o.j.s.c.f.Match - Фигура P была поставлена на E2
00:07:24.486 INFO   e.c.o.j.s.c.f.Match - Фигура P была поставлена на F2
00:07:24.486 INFO   e.c.o.j.s.c.f.Match - Фигура P была поставлена на G2
00:07:24.486 INFO   e.c.o.j.s.c.f.Match - Фигура P была поставлена на H2
00:07:24.486 INFO   e.c.o.j.s.c.f.Match - Фигура R была поставлена на A1
00:07:24.486 INFO   e.c.o.j.s.c.f.Match - Фигура Knt была поставлена на B1
00:07:24.486 INFO   e.c.o.j.s.c.f.Match - Фигура B была поставлена на C1
00:07:24.486 INFO   e.c.o.j.s.c.f.Match - Фигура Q была поставлена на D1
00:07:24.486 INFO   e.c.o.j.s.c.f.Match - Фигура K была поставлена на E1
00:07:24.486 INFO   e.c.o.j.s.c.f.Match - Фигура B была поставлена на F1
00:07:24.486 INFO   e.c.o.j.s.c.f.Match - Фигура Knt была поставлена на G1
00:07:24.486 INFO   e.c.o.j.s.c.f.Match - Фигура R была поставлена на H1
00:07:24.689 INFO   e.c.o.j.s.c.f.Match - Игра началась!
00:07:36.692 INFO   e.c.o.j.s.c.f.Match - Фигура R была поставлена на A8
00:07:36.694 INFO   e.c.o.j.s.c.f.Match - Фигура Knt была поставлена на B8
00:07:36.694 INFO   e.c.o.j.s.c.f.Match - Фигура B была поставлена на C8
00:07:36.695 INFO   e.c.o.j.s.c.f.Match - Фигура Q была поставлена на D8
00:07:36.695 INFO   e.c.o.j.s.c.f.Match - Фигура K была поставлена на E8
00:07:36.695 INFO   e.c.o.j.s.c.f.Match - Фигура B была поставлена на F8
00:07:36.695 INFO   e.c.o.j.s.c.f.Match - Фигура Knt была поставлена на G8
00:07:36.695 INFO   e.c.o.j.s.c.f.Match - Фигура R была поставлена на H8
00:07:36.695 INFO   e.c.o.j.s.c.f.Match - Фигура P была поставлена на A7
00:07:36.695 INFO   e.c.o.j.s.c.f.Match - Фигура P была поставлена на B7
00:07:36.695 INFO   e.c.o.j.s.c.f.Match - Фигура P была поставлена на C7
00:07:36.695 INFO   e.c.o.j.s.c.f.Match - Фигура P была поставлена на D7
00:07:36.695 INFO   e.c.o.j.s.c.f.Match - Фигура P была поставлена на E7
00:07:36.695 INFO   e.c.o.j.s.c.f.Match - Фигура P была поставлена на F7
00:07:36.696 INFO   e.c.o.j.s.c.f.Match - Фигура P была поставлена на G7
00:07:36.696 INFO   e.c.o.j.s.c.f.Match - Фигура P была поставлена на H7
00:07:36.696 ERROR  e.c.o.j.s.c.f.Match - Клетка A6 пуста
00:07:36.696 ERROR  e.c.o.j.s.c.f.Match - Клетка B6 пуста
00:07:36.696 ERROR  e.c.o.j.s.c.f.Match - Клетка C6 пуста
00:07:36.696 ERROR  e.c.o.j.s.c.f.Match - Клетка D6 пуста
00:07:36.696 ERROR  e.c.o.j.s.c.f.Match - Клетка E6 пуста
00:07:36.697 ERROR  e.c.o.j.s.c.f.Match - Клетка F6 пуста
00:07:36.697 ERROR  e.c.o.j.s.c.f.Match - Клетка G6 пуста
00:07:36.697 ERROR  e.c.o.j.s.c.f.Match - Клетка H6 пуста
00:07:36.697 ERROR  e.c.o.j.s.c.f.Match - Клетка A5 пуста
00:07:36.697 ERROR  e.c.o.j.s.c.f.Match - Клетка B5 пуста
00:07:36.697 ERROR  e.c.o.j.s.c.f.Match - Клетка C5 пуста
00:07:36.697 ERROR  e.c.o.j.s.c.f.Match - Клетка D5 пуста
00:07:36.698 ERROR  e.c.o.j.s.c.f.Match - Клетка E5 пуста
00:07:36.698 ERROR  e.c.o.j.s.c.f.Match - Клетка F5 пуста
00:07:36.698 ERROR  e.c.o.j.s.c.f.Match - Клетка G5 пуста
00:07:36.698 ERROR  e.c.o.j.s.c.f.Match - Клетка H5 пуста
00:07:36.698 ERROR  e.c.o.j.s.c.f.Match - Клетка A4 пуста
00:07:36.698 ERROR  e.c.o.j.s.c.f.Match - Клетка B4 пуста
00:07:36.698 ERROR  e.c.o.j.s.c.f.Match - Клетка C4 пуста
00:07:36.698 ERROR  e.c.o.j.s.c.f.Match - Клетка D4 пуста
00:07:36.698 ERROR  e.c.o.j.s.c.f.Match - Клетка E4 пуста
00:07:36.698 ERROR  e.c.o.j.s.c.f.Match - Клетка F4 пуста
00:07:36.698 ERROR  e.c.o.j.s.c.f.Match - Клетка G4 пуста
00:07:36.698 ERROR  e.c.o.j.s.c.f.Match - Клетка H4 пуста
00:07:36.699 ERROR  e.c.o.j.s.c.f.Match - Клетка A3 пуста
00:07:36.699 ERROR  e.c.o.j.s.c.f.Match - Клетка B3 пуста
00:07:36.699 ERROR  e.c.o.j.s.c.f.Match - Клетка C3 пуста
00:07:36.699 ERROR  e.c.o.j.s.c.f.Match - Клетка D3 пуста
00:07:36.699 ERROR  e.c.o.j.s.c.f.Match - Клетка E3 пуста
00:07:36.699 ERROR  e.c.o.j.s.c.f.Match - Клетка F3 пуста
00:07:36.699 ERROR  e.c.o.j.s.c.f.Match - Клетка G3 пуста
00:07:36.699 ERROR  e.c.o.j.s.c.f.Match - Клетка H3 пуста
00:07:36.699 INFO   e.c.o.j.s.c.f.Match - Фигура P была поставлена на A2
00:07:36.699 INFO   e.c.o.j.s.c.f.Match - Фигура P была поставлена на B2
00:07:36.699 INFO   e.c.o.j.s.c.f.Match - Фигура P была поставлена на C2
00:07:36.699 INFO   e.c.o.j.s.c.f.Match - Фигура P была поставлена на D2
00:07:36.699 INFO   e.c.o.j.s.c.f.Match - Фигура P была поставлена на E2
00:07:36.699 INFO   e.c.o.j.s.c.f.Match - Фигура P была поставлена на F2
00:07:36.700 INFO   e.c.o.j.s.c.f.Match - Фигура P была поставлена на G2
00:07:36.700 INFO   e.c.o.j.s.c.f.Match - Фигура P была поставлена на H2
00:07:36.700 INFO   e.c.o.j.s.c.f.Match - Фигура R была поставлена на A1
00:07:36.700 INFO   e.c.o.j.s.c.f.Match - Фигура Knt была поставлена на B1
00:07:36.700 INFO   e.c.o.j.s.c.f.Match - Фигура B была поставлена на C1
00:07:36.700 INFO   e.c.o.j.s.c.f.Match - Фигура Q была поставлена на D1
00:07:36.700 INFO   e.c.o.j.s.c.f.Match - Фигура K была поставлена на E1
00:07:36.700 INFO   e.c.o.j.s.c.f.Match - Фигура B была поставлена на F1
00:07:36.700 INFO   e.c.o.j.s.c.f.Match - Фигура Knt была поставлена на G1
00:07:36.700 INFO   e.c.o.j.s.c.f.Match - Фигура R была поставлена на H1
00:09:09.367 INFO   e.c.o.j.s.c.f.Match - Фигура R была поставлена на A8
00:09:09.370 INFO   e.c.o.j.s.c.f.Match - Фигура Knt была поставлена на B8
00:09:09.370 INFO   e.c.o.j.s.c.f.Match - Фигура B была поставлена на C8
00:09:09.370 INFO   e.c.o.j.s.c.f.Match - Фигура Q была поставлена на D8
00:09:09.370 INFO   e.c.o.j.s.c.f.Match - Фигура K была поставлена на E8
00:09:09.370 INFO   e.c.o.j.s.c.f.Match - Фигура B была поставлена на F8
00:09:09.370 INFO   e.c.o.j.s.c.f.Match - Фигура Knt была поставлена на G8
00:09:09.370 INFO   e.c.o.j.s.c.f.Match - Фигура R была поставлена на H8
00:09:09.370 INFO   e.c.o.j.s.c.f.Match - Фигура P была поставлена на A7
00:09:09.370 INFO   e.c.o.j.s.c.f.Match - Фигура P была поставлена на B7
00:09:09.370 INFO   e.c.o.j.s.c.f.Match - Фигура P была поставлена на C7
00:09:09.371 INFO   e.c.o.j.s.c.f.Match - Фигура P была поставлена на D7
00:09:09.371 INFO   e.c.o.j.s.c.f.Match - Фигура P была поставлена на E7
00:09:09.371 INFO   e.c.o.j.s.c.f.Match - Фигура P была поставлена на F7
00:09:09.371 INFO   e.c.o.j.s.c.f.Match - Фигура P была поставлена на G7
00:09:09.371 INFO   e.c.o.j.s.c.f.Match - Фигура P была поставлена на H7
00:09:09.371 ERROR  e.c.o.j.s.c.f.Match - Клетка A6 пуста
00:09:09.371 ERROR  e.c.o.j.s.c.f.Match - Клетка B6 пуста
00:09:09.372 ERROR  e.c.o.j.s.c.f.Match - Клетка C6 пуста
00:09:09.372 ERROR  e.c.o.j.s.c.f.Match - Клетка D6 пуста
00:09:09.372 ERROR  e.c.o.j.s.c.f.Match - Клетка E6 пуста
00:09:09.372 ERROR  e.c.o.j.s.c.f.Match - Клетка F6 пуста
00:09:09.372 ERROR  e.c.o.j.s.c.f.Match - Клетка G6 пуста
00:09:09.372 ERROR  e.c.o.j.s.c.f.Match - Клетка H6 пуста
00:09:09.372 ERROR  e.c.o.j.s.c.f.Match - Клетка A5 пуста
00:09:09.372 ERROR  e.c.o.j.s.c.f.Match - Клетка B5 пуста
00:09:09.372 ERROR  e.c.o.j.s.c.f.Match - Клетка C5 пуста
00:09:09.372 ERROR  e.c.o.j.s.c.f.Match - Клетка D5 пуста
00:09:09.372 ERROR  e.c.o.j.s.c.f.Match - Клетка E5 пуста
00:09:09.373 ERROR  e.c.o.j.s.c.f.Match - Клетка F5 пуста
00:09:09.373 ERROR  e.c.o.j.s.c.f.Match - Клетка G5 пуста
00:09:09.373 ERROR  e.c.o.j.s.c.f.Match - Клетка H5 пуста
00:09:09.373 ERROR  e.c.o.j.s.c.f.Match - Клетка A4 пуста
00:09:09.373 ERROR  e.c.o.j.s.c.f.Match - Клетка B4 пуста
00:09:09.373 ERROR  e.c.o.j.s.c.f.Match - Клетка C4 пуста
00:09:09.373 ERROR  e.c.o.j.s.c.f.Match - Клетка D4 пуста
00:09:09.373 ERROR  e.c.o.j.s.c.f.Match - Клетка E4 пуста
00:09:09.373 ERROR  e.c.o.j.s.c.f.Match - Клетка F4 пуста
00:09:09.373 ERROR  e.c.o.j.s.c.f.Match - Клетка G4 пуста
00:09:09.374 ERROR  e.c.o.j.s.c.f.Match - Клетка H4 пуста
00:09:09.374 ERROR  e.c.o.j.s.c.f.Match - Клетка A3 пуста
00:09:09.374 ERROR  e.c.o.j.s.c.f.Match - Клетка B3 пуста
00:09:09.374 ERROR  e.c.o.j.s.c.f.Match - Клетка C3 пуста
00:09:09.374 ERROR  e.c.o.j.s.c.f.Match - Клетка D3 пуста
00:09:09.374 ERROR  e.c.o.j.s.c.f.Match - Клетка E3 пуста
00:09:09.374 ERROR  e.c.o.j.s.c.f.Match - Клетка F3 пуста
00:09:09.374 ERROR  e.c.o.j.s.c.f.Match - Клетка G3 пуста
00:09:09.374 ERROR  e.c.o.j.s.c.f.Match - Клетка H3 пуста
00:09:09.374 INFO   e.c.o.j.s.c.f.Match - Фигура P была поставлена на A2
00:09:09.374 INFO   e.c.o.j.s.c.f.Match - Фигура P была поставлена на B2
00:09:09.374 INFO   e.c.o.j.s.c.f.Match - Фигура P была поставлена на C2
00:09:09.374 INFO   e.c.o.j.s.c.f.Match - Фигура P была поставлена на D2
00:09:09.375 INFO   e.c.o.j.s.c.f.Match - Фигура P была поставлена на E2
00:09:09.375 INFO   e.c.o.j.s.c.f.Match - Фигура P была поставлена на F2
00:09:09.375 INFO   e.c.o.j.s.c.f.Match - Фигура P была поставлена на G2
00:09:09.375 INFO   e.c.o.j.s.c.f.Match - Фигура P была поставлена на H2
00:09:09.375 INFO   e.c.o.j.s.c.f.Match - Фигура R была поставлена на A1
00:09:09.375 INFO   e.c.o.j.s.c.f.Match - Фигура Knt была поставлена на B1
00:09:09.375 INFO   e.c.o.j.s.c.f.Match - Фигура B была поставлена на C1
00:09:09.375 INFO   e.c.o.j.s.c.f.Match - Фигура Q была поставлена на D1
00:09:09.375 INFO   e.c.o.j.s.c.f.Match - Фигура K была поставлена на E1
00:09:09.375 INFO   e.c.o.j.s.c.f.Match - Фигура B была поставлена на F1
00:09:09.375 INFO   e.c.o.j.s.c.f.Match - Фигура Knt была поставлена на G1
00:09:09.375 INFO   e.c.o.j.s.c.f.Match - Фигура R была поставлена на H1
00:09:38.525 INFO   e.c.o.j.s.c.f.Match - Фигура R была поставлена на A8
00:09:38.528 INFO   e.c.o.j.s.c.f.Match - Фигура Knt была поставлена на B8
00:09:38.528 INFO   e.c.o.j.s.c.f.Match - Фигура B была поставлена на C8
00:09:38.528 INFO   e.c.o.j.s.c.f.Match - Фигура Q была поставлена на D8
00:09:38.528 INFO   e.c.o.j.s.c.f.Match - Фигура K была поставлена на E8
00:09:38.528 INFO   e.c.o.j.s.c.f.Match - Фигура B была поставлена на F8
00:09:38.529 INFO   e.c.o.j.s.c.f.Match - Фигура Knt была поставлена на G8
00:09:38.529 INFO   e.c.o.j.s.c.f.Match - Фигура R была поставлена на H8
00:09:38.529 INFO   e.c.o.j.s.c.f.Match - Фигура P была поставлена на A7
00:09:38.529 INFO   e.c.o.j.s.c.f.Match - Фигура P была поставлена на B7
00:09:38.529 INFO   e.c.o.j.s.c.f.Match - Фигура P была поставлена на C7
00:09:38.529 INFO   e.c.o.j.s.c.f.Match - Фигура P была поставлена на D7
00:09:38.529 INFO   e.c.o.j.s.c.f.Match - Фигура P была поставлена на E7
00:09:38.529 INFO   e.c.o.j.s.c.f.Match - Фигура P была поставлена на F7
00:09:38.529 INFO   e.c.o.j.s.c.f.Match - Фигура P была поставлена на G7
00:09:38.529 INFO   e.c.o.j.s.c.f.Match - Фигура P была поставлена на H7
00:09:38.530 ERROR  e.c.o.j.s.c.f.Match - Клетка A6 пуста
00:09:38.530 ERROR  e.c.o.j.s.c.f.Match - Клетка B6 пуста
00:09:38.530 ERROR  e.c.o.j.s.c.f.Match - Клетка C6 пуста
00:09:38.531 ERROR  e.c.o.j.s.c.f.Match - Клетка D6 пуста
00:09:38.531 ERROR  e.c.o.j.s.c.f.Match - Клетка E6 пуста
00:09:38.531 ERROR  e.c.o.j.s.c.f.Match - Клетка F6 пуста
00:09:38.531 ERROR  e.c.o.j.s.c.f.Match - Клетка G6 пуста
00:09:38.531 ERROR  e.c.o.j.s.c.f.Match - Клетка H6 пуста
00:09:38.531 ERROR  e.c.o.j.s.c.f.Match - Клетка A5 пуста
00:09:38.531 ERROR  e.c.o.j.s.c.f.Match - Клетка B5 пуста
00:09:38.531 ERROR  e.c.o.j.s.c.f.Match - Клетка C5 пуста
00:09:38.532 ERROR  e.c.o.j.s.c.f.Match - Клетка D5 пуста
00:09:38.532 ERROR  e.c.o.j.s.c.f.Match - Клетка E5 пуста
00:09:38.532 ERROR  e.c.o.j.s.c.f.Match - Клетка F5 пуста
00:09:38.532 ERROR  e.c.o.j.s.c.f.Match - Клетка G5 пуста
00:09:38.532 ERROR  e.c.o.j.s.c.f.Match - Клетка H5 пуста
00:09:38.532 ERROR  e.c.o.j.s.c.f.Match - Клетка A4 пуста
00:09:38.532 ERROR  e.c.o.j.s.c.f.Match - Клетка B4 пуста
00:09:38.532 ERROR  e.c.o.j.s.c.f.Match - Клетка C4 пуста
00:09:38.532 ERROR  e.c.o.j.s.c.f.Match - Клетка D4 пуста
00:09:38.533 ERROR  e.c.o.j.s.c.f.Match - Клетка E4 пуста
00:09:38.533 ERROR  e.c.o.j.s.c.f.Match - Клетка F4 пуста
00:09:38.533 ERROR  e.c.o.j.s.c.f.Match - Клетка G4 пуста
00:09:38.533 ERROR  e.c.o.j.s.c.f.Match - Клетка H4 пуста
00:09:38.533 ERROR  e.c.o.j.s.c.f.Match - Клетка A3 пуста
00:09:38.533 ERROR  e.c.o.j.s.c.f.Match - Клетка B3 пуста
00:09:38.533 ERROR  e.c.o.j.s.c.f.Match - Клетка C3 пуста
00:09:38.533 ERROR  e.c.o.j.s.c.f.Match - Клетка D3 пуста
00:09:38.534 ERROR  e.c.o.j.s.c.f.Match - Клетка E3 пуста
00:09:38.534 ERROR  e.c.o.j.s.c.f.Match - Клетка F3 пуста
00:09:38.534 ERROR  e.c.o.j.s.c.f.Match - Клетка G3 пуста
00:09:38.534 ERROR  e.c.o.j.s.c.f.Match - Клетка H3 пуста
00:09:38.534 INFO   e.c.o.j.s.c.f.Match - Фигура P была поставлена на A2
00:09:38.534 INFO   e.c.o.j.s.c.f.Match - Фигура P была поставлена на B2
00:09:38.534 INFO   e.c.o.j.s.c.f.Match - Фигура P была поставлена на C2
00:09:38.534 INFO   e.c.o.j.s.c.f.Match - Фигура P была поставлена на D2
00:09:38.534 INFO   e.c.o.j.s.c.f.Match - Фигура P была поставлена на E2
00:09:38.534 INFO   e.c.o.j.s.c.f.Match - Фигура P была поставлена на F2
00:09:38.534 INFO   e.c.o.j.s.c.f.Match - Фигура P была поставлена на G2
00:09:38.535 INFO   e.c.o.j.s.c.f.Match - Фигура P была поставлена на H2
00:09:38.535 INFO   e.c.o.j.s.c.f.Match - Фигура R была поставлена на A1
00:09:38.535 INFO   e.c.o.j.s.c.f.Match - Фигура Knt была поставлена на B1
00:09:38.535 INFO   e.c.o.j.s.c.f.Match - Фигура B была поставлена на C1
00:09:38.535 INFO   e.c.o.j.s.c.f.Match - Фигура Q была поставлена на D1
00:09:38.535 INFO   e.c.o.j.s.c.f.Match - Фигура K была поставлена на E1
00:09:38.535 INFO   e.c.o.j.s.c.f.Match - Фигура B была поставлена на F1
00:09:38.535 INFO   e.c.o.j.s.c.f.Match - Фигура Knt была поставлена на G1
00:09:38.535 INFO   e.c.o.j.s.c.f.Match - Фигура R была поставлена на H1
00:10:01.070 INFO   e.c.o.j.s.c.f.Match - Фигура R была поставлена на A8
00:10:01.072 INFO   e.c.o.j.s.c.f.Match - Фигура Knt была поставлена на B8
00:10:01.072 INFO   e.c.o.j.s.c.f.Match - Фигура B была поставлена на C8
00:10:01.072 INFO   e.c.o.j.s.c.f.Match - Фигура Q была поставлена на D8
00:10:01.073 INFO   e.c.o.j.s.c.f.Match - Фигура K была поставлена на E8
00:10:01.073 INFO   e.c.o.j.s.c.f.Match - Фигура B была поставлена на F8
00:10:01.073 INFO   e.c.o.j.s.c.f.Match - Фигура Knt была поставлена на G8
00:10:01.073 INFO   e.c.o.j.s.c.f.Match - Фигура R была поставлена на H8
00:10:01.073 INFO   e.c.o.j.s.c.f.Match - Фигура P была поставлена на A7
00:10:01.073 INFO   e.c.o.j.s.c.f.Match - Фигура P была поставлена на B7
00:10:01.073 INFO   e.c.o.j.s.c.f.Match - Фигура P была поставлена на C7
00:10:01.073 INFO   e.c.o.j.s.c.f.Match - Фигура P была поставлена на D7
00:10:01.073 INFO   e.c.o.j.s.c.f.Match - Фигура P была поставлена на E7
00:10:01.073 INFO   e.c.o.j.s.c.f.Match - Фигура P была поставлена на F7
00:10:01.073 INFO   e.c.o.j.s.c.f.Match - Фигура P была поставлена на G7
00:10:01.074 INFO   e.c.o.j.s.c.f.Match - Фигура P была поставлена на H7
00:10:01.074 ERROR  e.c.o.j.s.c.f.Match - Клетка A6 пуста
00:10:01.074 ERROR  e.c.o.j.s.c.f.Match - Клетка B6 пуста
00:10:01.074 ERROR  e.c.o.j.s.c.f.Match - Клетка C6 пуста
00:10:01.074 ERROR  e.c.o.j.s.c.f.Match - Клетка D6 пуста
00:10:01.074 ERROR  e.c.o.j.s.c.f.Match - Клетка E6 пуста
00:10:01.075 ERROR  e.c.o.j.s.c.f.Match - Клетка F6 пуста
00:10:01.075 ERROR  e.c.o.j.s.c.f.Match - Клетка G6 пуста
00:10:01.075 ERROR  e.c.o.j.s.c.f.Match - Клетка H6 пуста
00:10:01.075 ERROR  e.c.o.j.s.c.f.Match - Клетка A5 пуста
00:10:01.075 ERROR  e.c.o.j.s.c.f.Match - Клетка B5 пуста
00:10:01.075 ERROR  e.c.o.j.s.c.f.Match - Клетка C5 пуста
00:10:01.075 ERROR  e.c.o.j.s.c.f.Match - Клетка D5 пуста
00:10:01.075 ERROR  e.c.o.j.s.c.f.Match - Клетка E5 пуста
00:10:01.075 ERROR  e.c.o.j.s.c.f.Match - Клетка F5 пуста
00:10:01.076 ERROR  e.c.o.j.s.c.f.Match - Клетка G5 пуста
00:10:01.076 ERROR  e.c.o.j.s.c.f.Match - Клетка H5 пуста
00:10:01.076 ERROR  e.c.o.j.s.c.f.Match - Клетка A4 пуста
00:10:01.076 ERROR  e.c.o.j.s.c.f.Match - Клетка B4 пуста
00:10:01.076 ERROR  e.c.o.j.s.c.f.Match - Клетка C4 пуста
00:10:01.076 ERROR  e.c.o.j.s.c.f.Match - Клетка D4 пуста
00:10:01.076 ERROR  e.c.o.j.s.c.f.Match - Клетка E4 пуста
00:10:01.076 ERROR  e.c.o.j.s.c.f.Match - Клетка F4 пуста
00:10:01.076 ERROR  e.c.o.j.s.c.f.Match - Клетка G4 пуста
00:10:01.076 ERROR  e.c.o.j.s.c.f.Match - Клетка H4 пуста
00:10:01.077 ERROR  e.c.o.j.s.c.f.Match - Клетка A3 пуста
00:10:01.077 ERROR  e.c.o.j.s.c.f.Match - Клетка B3 пуста
00:10:01.077 ERROR  e.c.o.j.s.c.f.Match - Клетка C3 пуста
00:10:01.077 ERROR  e.c.o.j.s.c.f.Match - Клетка D3 пуста
00:10:01.077 ERROR  e.c.o.j.s.c.f.Match - Клетка E3 пуста
00:10:01.077 ERROR  e.c.o.j.s.c.f.Match - Клетка F3 пуста
00:10:01.077 ERROR  e.c.o.j.s.c.f.Match - Клетка G3 пуста
00:10:01.077 ERROR  e.c.o.j.s.c.f.Match - Клетка H3 пуста
00:10:01.077 INFO   e.c.o.j.s.c.f.Match - Фигура P была поставлена на A2
00:10:01.077 INFO   e.c.o.j.s.c.f.Match - Фигура P была поставлена на B2
00:10:01.077 INFO   e.c.o.j.s.c.f.Match - Фигура P была поставлена на C2
00:10:01.077 INFO   e.c.o.j.s.c.f.Match - Фигура P была поставлена на D2
00:10:01.078 INFO   e.c.o.j.s.c.f.Match - Фигура P была поставлена на E2
00:10:01.078 INFO   e.c.o.j.s.c.f.Match - Фигура P была поставлена на F2
00:10:01.078 INFO   e.c.o.j.s.c.f.Match - Фигура P была поставлена на G2
00:10:01.078 INFO   e.c.o.j.s.c.f.Match - Фигура P была поставлена на H2
00:10:01.078 INFO   e.c.o.j.s.c.f.Match - Фигура R была поставлена на A1
00:10:01.078 INFO   e.c.o.j.s.c.f.Match - Фигура Knt была поставлена на B1
00:10:01.078 INFO   e.c.o.j.s.c.f.Match - Фигура B была поставлена на C1
00:10:01.078 INFO   e.c.o.j.s.c.f.Match - Фигура Q была поставлена на D1
00:10:01.078 INFO   e.c.o.j.s.c.f.Match - Фигура K была поставлена на E1
00:10:01.078 INFO   e.c.o.j.s.c.f.Match - Фигура B была поставлена на F1
00:10:01.078 INFO   e.c.o.j.s.c.f.Match - Фигура Knt была поставлена на G1
00:10:01.079 INFO   e.c.o.j.s.c.f.Match - Фигура R была поставлена на H1
00:10:09.226 INFO   e.c.o.j.s.c.f.Match - Фигура R была поставлена на A8
00:10:09.228 INFO   e.c.o.j.s.c.f.Match - Фигура Knt была поставлена на B8
00:10:09.229 INFO   e.c.o.j.s.c.f.Match - Фигура B была поставлена на C8
00:10:09.229 INFO   e.c.o.j.s.c.f.Match - Фигура Q была поставлена на D8
00:10:09.229 INFO   e.c.o.j.s.c.f.Match - Фигура K была поставлена на E8
00:10:09.229 INFO   e.c.o.j.s.c.f.Match - Фигура B была поставлена на F8
00:10:09.229 INFO   e.c.o.j.s.c.f.Match - Фигура Knt была поставлена на G8
00:10:09.230 INFO   e.c.o.j.s.c.f.Match - Фигура R была поставлена на H8
00:10:09.230 INFO   e.c.o.j.s.c.f.Match - Фигура P была поставлена на A7
00:10:09.230 INFO   e.c.o.j.s.c.f.Match - Фигура P была поставлена на B7
00:10:09.230 INFO   e.c.o.j.s.c.f.Match - Фигура P была поставлена на C7
00:10:09.230 INFO   e.c.o.j.s.c.f.Match - Фигура P была поставлена на D7
00:10:09.230 INFO   e.c.o.j.s.c.f.Match - Фигура P была поставлена на E7
00:10:09.230 INFO   e.c.o.j.s.c.f.Match - Фигура P была поставлена на F7
00:10:09.230 INFO   e.c.o.j.s.c.f.Match - Фигура P была поставлена на G7
00:10:09.230 INFO   e.c.o.j.s.c.f.Match - Фигура P была поставлена на H7
00:10:09.231 ERROR  e.c.o.j.s.c.f.Match - Клетка A6 пуста
00:10:09.231 ERROR  e.c.o.j.s.c.f.Match - Клетка B6 пуста
00:10:09.231 ERROR  e.c.o.j.s.c.f.Match - Клетка C6 пуста
00:10:09.231 ERROR  e.c.o.j.s.c.f.Match - Клетка D6 пуста
00:10:09.231 ERROR  e.c.o.j.s.c.f.Match - Клетка E6 пуста
00:10:09.232 ERROR  e.c.o.j.s.c.f.Match - Клетка F6 пуста
00:10:09.232 ERROR  e.c.o.j.s.c.f.Match - Клетка G6 пуста
00:10:09.232 ERROR  e.c.o.j.s.c.f.Match - Клетка H6 пуста
00:10:09.232 ERROR  e.c.o.j.s.c.f.Match - Клетка A5 пуста
00:10:09.232 ERROR  e.c.o.j.s.c.f.Match - Клетка B5 пуста
00:10:09.232 ERROR  e.c.o.j.s.c.f.Match - Клетка C5 пуста
00:10:09.232 ERROR  e.c.o.j.s.c.f.Match - Клетка D5 пуста
00:10:09.232 ERROR  e.c.o.j.s.c.f.Match - Клетка E5 пуста
00:10:09.233 ERROR  e.c.o.j.s.c.f.Match - Клетка F5 пуста
00:10:09.233 ERROR  e.c.o.j.s.c.f.Match - Клетка G5 пуста
00:10:09.233 ERROR  e.c.o.j.s.c.f.Match - Клетка H5 пуста
00:10:09.233 ERROR  e.c.o.j.s.c.f.Match - Клетка A4 пуста
00:10:09.233 ERROR  e.c.o.j.s.c.f.Match - Клетка B4 пуста
00:10:09.233 ERROR  e.c.o.j.s.c.f.Match - Клетка C4 пуста
00:10:09.233 ERROR  e.c.o.j.s.c.f.Match - Клетка D4 пуста
00:10:09.233 ERROR  e.c.o.j.s.c.f.Match - Клетка E4 пуста
00:10:09.234 ERROR  e.c.o.j.s.c.f.Match - Клетка F4 пуста
00:10:09.234 ERROR  e.c.o.j.s.c.f.Match - Клетка G4 пуста
00:10:09.234 ERROR  e.c.o.j.s.c.f.Match - Клетка H4 пуста
00:10:09.234 ERROR  e.c.o.j.s.c.f.Match - Клетка A3 пуста
00:10:09.234 ERROR  e.c.o.j.s.c.f.Match - Клетка B3 пуста
00:10:09.234 ERROR  e.c.o.j.s.c.f.Match - Клетка C3 пуста
00:10:09.234 ERROR  e.c.o.j.s.c.f.Match - Клетка D3 пуста
00:10:09.234 ERROR  e.c.o.j.s.c.f.Match - Клетка E3 пуста
00:10:09.234 ERROR  e.c.o.j.s.c.f.Match - Клетка F3 пуста
00:10:09.234 ERROR  e.c.o.j.s.c.f.Match - Клетка G3 пуста
00:10:09.234 ERROR  e.c.o.j.s.c.f.Match - Клетка H3 пуста
00:10:09.235 INFO   e.c.o.j.s.c.f.Match - Фигура P была поставлена на A2
00:10:09.235 INFO   e.c.o.j.s.c.f.Match - Фигура P была поставлена на B2
00:10:09.235 INFO   e.c.o.j.s.c.f.Match - Фигура P была поставлена на C2
00:10:09.235 INFO   e.c.o.j.s.c.f.Match - Фигура P была поставлена на D2
00:10:09.235 INFO   e.c.o.j.s.c.f.Match - Фигура P была поставлена на E2
00:10:09.235 INFO   e.c.o.j.s.c.f.Match - Фигура P была поставлена на F2
00:10:09.235 INFO   e.c.o.j.s.c.f.Match - Фигура P была поставлена на G2
00:10:09.235 INFO   e.c.o.j.s.c.f.Match - Фигура P была поставлена на H2
00:10:09.235 INFO   e.c.o.j.s.c.f.Match - Фигура R была поставлена на A1
00:10:09.236 INFO   e.c.o.j.s.c.f.Match - Фигура Knt была поставлена на B1
00:10:09.236 INFO   e.c.o.j.s.c.f.Match - Фигура B была поставлена на C1
00:10:09.236 INFO   e.c.o.j.s.c.f.Match - Фигура Q была поставлена на D1
00:10:09.236 INFO   e.c.o.j.s.c.f.Match - Фигура K была поставлена на E1
00:10:09.236 INFO   e.c.o.j.s.c.f.Match - Фигура B была поставлена на F1
00:10:09.236 INFO   e.c.o.j.s.c.f.Match - Фигура Knt была поставлена на G1
00:10:09.236 INFO   e.c.o.j.s.c.f.Match - Фигура R была поставлена на H1
00:10:21.864 INFO   e.c.o.j.s.c.f.Match - Фигура R была поставлена на A8
00:10:21.866 INFO   e.c.o.j.s.c.f.Match - Фигура Knt была поставлена на B8
00:10:21.867 INFO   e.c.o.j.s.c.f.Match - Фигура B была поставлена на C8
00:10:21.867 INFO   e.c.o.j.s.c.f.Match - Фигура Q была поставлена на D8
00:10:21.867 INFO   e.c.o.j.s.c.f.Match - Фигура K была поставлена на E8
00:10:21.867 INFO   e.c.o.j.s.c.f.Match - Фигура B была поставлена на F8
00:10:21.867 INFO   e.c.o.j.s.c.f.Match - Фигура Knt была поставлена на G8
00:10:21.867 INFO   e.c.o.j.s.c.f.Match - Фигура R была поставлена на H8
00:10:21.867 INFO   e.c.o.j.s.c.f.Match - Фигура P была поставлена на A7
00:10:21.867 INFO   e.c.o.j.s.c.f.Match - Фигура P была поставлена на B7
00:10:21.867 INFO   e.c.o.j.s.c.f.Match - Фигура P была поставлена на C7
00:10:21.867 INFO   e.c.o.j.s.c.f.Match - Фигура P была поставлена на D7
00:10:21.867 INFO   e.c.o.j.s.c.f.Match - Фигура P была поставлена на E7
00:10:21.868 INFO   e.c.o.j.s.c.f.Match - Фигура P была поставлена на F7
00:10:21.868 INFO   e.c.o.j.s.c.f.Match - Фигура P была поставлена на G7
00:10:21.868 INFO   e.c.o.j.s.c.f.Match - Фигура P была поставлена на H7
00:10:21.868 ERROR  e.c.o.j.s.c.f.Match - Клетка A6 пуста
00:10:21.868 ERROR  e.c.o.j.s.c.f.Match - Клетка B6 пуста
00:10:21.868 ERROR  e.c.o.j.s.c.f.Match - Клетка C6 пуста
00:10:21.868 ERROR  e.c.o.j.s.c.f.Match - Клетка D6 пуста
00:10:21.869 ERROR  e.c.o.j.s.c.f.Match - Клетка E6 пуста
00:10:21.869 ERROR  e.c.o.j.s.c.f.Match - Клетка F6 пуста
00:10:21.869 ERROR  e.c.o.j.s.c.f.Match - Клетка G6 пуста
00:10:21.869 ERROR  e.c.o.j.s.c.f.Match - Клетка H6 пуста
00:10:21.869 ERROR  e.c.o.j.s.c.f.Match - Клетка A5 пуста
00:10:21.869 ERROR  e.c.o.j.s.c.f.Match - Клетка B5 пуста
00:10:21.869 ERROR  e.c.o.j.s.c.f.Match - Клетка C5 пуста
00:10:21.869 ERROR  e.c.o.j.s.c.f.Match - Клетка D5 пуста
00:10:21.869 ERROR  e.c.o.j.s.c.f.Match - Клетка E5 пуста
00:10:21.869 ERROR  e.c.o.j.s.c.f.Match - Клетка F5 пуста
00:10:21.869 ERROR  e.c.o.j.s.c.f.Match - Клетка G5 пуста
00:10:21.870 ERROR  e.c.o.j.s.c.f.Match - Клетка H5 пуста
00:10:21.870 ERROR  e.c.o.j.s.c.f.Match - Клетка A4 пуста
00:10:21.870 ERROR  e.c.o.j.s.c.f.Match - Клетка B4 пуста
00:10:21.870 ERROR  e.c.o.j.s.c.f.Match - Клетка C4 пуста
00:10:21.870 ERROR  e.c.o.j.s.c.f.Match - Клетка D4 пуста
00:10:21.870 ERROR  e.c.o.j.s.c.f.Match - Клетка E4 пуста
00:10:21.870 ERROR  e.c.o.j.s.c.f.Match - Клетка F4 пуста
00:10:21.870 ERROR  e.c.o.j.s.c.f.Match - Клетка G4 пуста
00:10:21.870 ERROR  e.c.o.j.s.c.f.Match - Клетка H4 пуста
00:10:21.870 ERROR  e.c.o.j.s.c.f.Match - Клетка A3 пуста
00:10:21.870 ERROR  e.c.o.j.s.c.f.Match - Клетка B3 пуста
00:10:21.870 ERROR  e.c.o.j.s.c.f.Match - Клетка C3 пуста
00:10:21.870 ERROR  e.c.o.j.s.c.f.Match - Клетка D3 пуста
00:10:21.870 ERROR  e.c.o.j.s.c.f.Match - Клетка E3 пуста
00:10:21.871 ERROR  e.c.o.j.s.c.f.Match - Клетка F3 пуста
00:10:21.871 ERROR  e.c.o.j.s.c.f.Match - Клетка G3 пуста
00:10:21.871 ERROR  e.c.o.j.s.c.f.Match - Клетка H3 пуста
00:10:21.871 INFO   e.c.o.j.s.c.f.Match - Фигура P была поставлена на A2
00:10:21.871 INFO   e.c.o.j.s.c.f.Match - Фигура P была поставлена на B2
00:10:21.871 INFO   e.c.o.j.s.c.f.Match - Фигура P была поставлена на C2
00:10:21.871 INFO   e.c.o.j.s.c.f.Match - Фигура P была поставлена на D2
00:10:21.871 INFO   e.c.o.j.s.c.f.Match - Фигура P была поставлена на E2
00:10:21.871 INFO   e.c.o.j.s.c.f.Match - Фигура P была поставлена на F2
00:10:21.871 INFO   e.c.o.j.s.c.f.Match - Фигура P была поставлена на G2
00:10:21.871 INFO   e.c.o.j.s.c.f.Match - Фигура P была поставлена на H2
00:10:21.872 INFO   e.c.o.j.s.c.f.Match - Фигура R была поставлена на A1
00:10:21.872 INFO   e.c.o.j.s.c.f.Match - Фигура Knt была поставлена на B1
00:10:21.872 INFO   e.c.o.j.s.c.f.Match - Фигура B была поставлена на C1
00:10:21.872 INFO   e.c.o.j.s.c.f.Match - Фигура Q была поставлена на D1
00:10:21.872 INFO   e.c.o.j.s.c.f.Match - Фигура K была поставлена на E1
00:10:21.872 INFO   e.c.o.j.s.c.f.Match - Фигура B была поставлена на F1
00:10:21.872 INFO   e.c.o.j.s.c.f.Match - Фигура Knt была поставлена на G1
00:10:21.872 INFO   e.c.o.j.s.c.f.Match - Фигура R была поставлена на H1
00:10:30.085 INFO   e.c.o.j.s.c.f.Match - Фигура R была поставлена на A8
00:10:30.088 INFO   e.c.o.j.s.c.f.Match - Фигура Knt была поставлена на B8
00:10:30.088 INFO   e.c.o.j.s.c.f.Match - Фигура B была поставлена на C8
00:10:30.088 INFO   e.c.o.j.s.c.f.Match - Фигура Q была поставлена на D8
00:10:30.088 INFO   e.c.o.j.s.c.f.Match - Фигура K была поставлена на E8
00:10:30.088 INFO   e.c.o.j.s.c.f.Match - Фигура B была поставлена на F8
00:10:30.088 INFO   e.c.o.j.s.c.f.Match - Фигура Knt была поставлена на G8
00:10:30.088 INFO   e.c.o.j.s.c.f.Match - Фигура R была поставлена на H8
00:10:30.088 INFO   e.c.o.j.s.c.f.Match - Фигура P была поставлена на A7
00:10:30.089 INFO   e.c.o.j.s.c.f.Match - Фигура P была поставлена на B7
00:10:30.089 INFO   e.c.o.j.s.c.f.Match - Фигура P была поставлена на C7
00:10:30.089 INFO   e.c.o.j.s.c.f.Match - Фигура P была поставлена на D7
00:10:30.089 INFO   e.c.o.j.s.c.f.Match - Фигура P была поставлена на E7
00:10:30.089 INFO   e.c.o.j.s.c.f.Match - Фигура P была поставлена на F7
00:10:30.089 INFO   e.c.o.j.s.c.f.Match - Фигура P была поставлена на G7
00:10:30.089 INFO   e.c.o.j.s.c.f.Match - Фигура P была поставлена на H7
00:10:30.089 ERROR  e.c.o.j.s.c.f.Match - Клетка A6 пуста
00:10:30.089 ERROR  e.c.o.j.s.c.f.Match - Клетка B6 пуста
00:10:30.089 ERROR  e.c.o.j.s.c.f.Match - Клетка C6 пуста
00:10:30.089 ERROR  e.c.o.j.s.c.f.Match - Клетка D6 пуста
00:10:30.090 ERROR  e.c.o.j.s.c.f.Match - Клетка E6 пуста
00:10:30.090 ERROR  e.c.o.j.s.c.f.Match - Клетка F6 пуста
00:10:30.090 ERROR  e.c.o.j.s.c.f.Match - Клетка G6 пуста
00:10:30.090 ERROR  e.c.o.j.s.c.f.Match - Клетка H6 пуста
00:10:30.090 ERROR  e.c.o.j.s.c.f.Match - Клетка A5 пуста
00:10:30.090 ERROR  e.c.o.j.s.c.f.Match - Клетка B5 пуста
00:10:30.090 ERROR  e.c.o.j.s.c.f.Match - Клетка C5 пуста
00:10:30.090 ERROR  e.c.o.j.s.c.f.Match - Клетка D5 пуста
00:10:30.090 ERROR  e.c.o.j.s.c.f.Match - Клетка E5 пуста
00:10:30.090 ERROR  e.c.o.j.s.c.f.Match - Клетка F5 пуста
00:10:30.091 ERROR  e.c.o.j.s.c.f.Match - Клетка G5 пуста
00:10:30.091 ERROR  e.c.o.j.s.c.f.Match - Клетка H5 пуста
00:10:30.091 ERROR  e.c.o.j.s.c.f.Match - Клетка A4 пуста
00:10:30.091 ERROR  e.c.o.j.s.c.f.Match - Клетка B4 пуста
00:10:30.091 ERROR  e.c.o.j.s.c.f.Match - Клетка C4 пуста
00:10:30.091 ERROR  e.c.o.j.s.c.f.Match - Клетка D4 пуста
00:10:30.091 ERROR  e.c.o.j.s.c.f.Match - Клетка E4 пуста
00:10:30.091 ERROR  e.c.o.j.s.c.f.Match - Клетка F4 пуста
00:10:30.091 ERROR  e.c.o.j.s.c.f.Match - Клетка G4 пуста
00:10:30.091 ERROR  e.c.o.j.s.c.f.Match - Клетка H4 пуста
00:10:30.091 ERROR  e.c.o.j.s.c.f.Match - Клетка A3 пуста
00:10:30.091 ERROR  e.c.o.j.s.c.f.Match - Клетка B3 пуста
00:10:30.092 ERROR  e.c.o.j.s.c.f.Match - Клетка C3 пуста
00:10:30.092 ERROR  e.c.o.j.s.c.f.Match - Клетка D3 пуста
00:10:30.092 ERROR  e.c.o.j.s.c.f.Match - Клетка E3 пуста
00:10:30.092 ERROR  e.c.o.j.s.c.f.Match - Клетка F3 пуста
00:10:30.092 ERROR  e.c.o.j.s.c.f.Match - Клетка G3 пуста
00:10:30.092 ERROR  e.c.o.j.s.c.f.Match - Клетка H3 пуста
00:10:30.092 INFO   e.c.o.j.s.c.f.Match - Фигура P была поставлена на A2
00:10:30.092 INFO   e.c.o.j.s.c.f.Match - Фигура P была поставлена на B2
00:10:30.092 INFO   e.c.o.j.s.c.f.Match - Фигура P была поставлена на C2
00:10:30.092 INFO   e.c.o.j.s.c.f.Match - Фигура P была поставлена на D2
00:10:30.092 INFO   e.c.o.j.s.c.f.Match - Фигура P была поставлена на E2
00:10:30.092 INFO   e.c.o.j.s.c.f.Match - Фигура P была поставлена на F2
00:10:30.092 INFO   e.c.o.j.s.c.f.Match - Фигура P была поставлена на G2
00:10:30.093 INFO   e.c.o.j.s.c.f.Match - Фигура P была поставлена на H2
00:10:30.093 INFO   e.c.o.j.s.c.f.Match - Фигура R была поставлена на A1
00:10:30.093 INFO   e.c.o.j.s.c.f.Match - Фигура Knt была поставлена на B1
00:10:30.093 INFO   e.c.o.j.s.c.f.Match - Фигура B была поставлена на C1
00:10:30.093 INFO   e.c.o.j.s.c.f.Match - Фигура Q была поставлена на D1
00:10:30.093 INFO   e.c.o.j.s.c.f.Match - Фигура K была поставлена на E1
00:10:30.093 INFO   e.c.o.j.s.c.f.Match - Фигура B была поставлена на F1
00:10:30.093 INFO   e.c.o.j.s.c.f.Match - Фигура Knt была поставлена на G1
00:10:30.093 INFO   e.c.o.j.s.c.f.Match - Фигура R была поставлена на H1
00:12:22.874 INFO   e.c.o.j.s.c.f.Match - Фигура R была поставлена на A8
00:12:22.876 INFO   e.c.o.j.s.c.f.Match - Фигура Knt была поставлена на B8
00:12:22.876 INFO   e.c.o.j.s.c.f.Match - Фигура B была поставлена на C8
00:12:22.876 INFO   e.c.o.j.s.c.f.Match - Фигура Q была поставлена на D8
00:12:22.876 INFO   e.c.o.j.s.c.f.Match - Фигура K была поставлена на E8
00:12:22.876 INFO   e.c.o.j.s.c.f.Match - Фигура B была поставлена на F8
00:12:22.876 INFO   e.c.o.j.s.c.f.Match - Фигура Knt была поставлена на G8
00:12:22.876 INFO   e.c.o.j.s.c.f.Match - Фигура R была поставлена на H8
00:12:22.876 INFO   e.c.o.j.s.c.f.Match - Фигура P была поставлена на A7
00:12:22.876 INFO   e.c.o.j.s.c.f.Match - Фигура P была поставлена на B7
00:12:22.876 INFO   e.c.o.j.s.c.f.Match - Фигура P была поставлена на C7
00:12:22.876 INFO   e.c.o.j.s.c.f.Match - Фигура P была поставлена на D7
00:12:22.877 INFO   e.c.o.j.s.c.f.Match - Фигура P была поставлена на E7
00:12:22.877 INFO   e.c.o.j.s.c.f.Match - Фигура P была поставлена на F7
00:12:22.877 INFO   e.c.o.j.s.c.f.Match - Фигура P была поставлена на G7
00:12:22.877 INFO   e.c.o.j.s.c.f.Match - Фигура P была поставлена на H7
00:12:22.877 ERROR  e.c.o.j.s.c.f.Match - Клетка A6 пуста
00:12:22.877 ERROR  e.c.o.j.s.c.f.Match - Клетка B6 пуста
00:12:22.877 ERROR  e.c.o.j.s.c.f.Match - Клетка C6 пуста
00:12:22.877 ERROR  e.c.o.j.s.c.f.Match - Клетка D6 пуста
00:12:22.877 ERROR  e.c.o.j.s.c.f.Match - Клетка E6 пуста
00:12:22.877 ERROR  e.c.o.j.s.c.f.Match - Клетка F6 пуста
00:12:22.878 ERROR  e.c.o.j.s.c.f.Match - Клетка G6 пуста
00:12:22.878 ERROR  e.c.o.j.s.c.f.Match - Клетка H6 пуста
00:12:22.878 ERROR  e.c.o.j.s.c.f.Match - Клетка A5 пуста
00:12:22.878 ERROR  e.c.o.j.s.c.f.Match - Клетка B5 пуста
00:12:22.878 ERROR  e.c.o.j.s.c.f.Match - Клетка C5 пуста
00:12:22.878 ERROR  e.c.o.j.s.c.f.Match - Клетка D5 пуста
00:12:22.878 ERROR  e.c.o.j.s.c.f.Match - Клетка E5 пуста
00:12:22.878 ERROR  e.c.o.j.s.c.f.Match - Клетка F5 пуста
00:12:22.878 ERROR  e.c.o.j.s.c.f.Match - Клетка G5 пуста
00:12:22.878 ERROR  e.c.o.j.s.c.f.Match - Клетка H5 пуста
00:12:22.878 ERROR  e.c.o.j.s.c.f.Match - Клетка A4 пуста
00:12:22.878 ERROR  e.c.o.j.s.c.f.Match - Клетка B4 пуста
00:12:22.878 ERROR  e.c.o.j.s.c.f.Match - Клетка C4 пуста
00:12:22.879 ERROR  e.c.o.j.s.c.f.Match - Клетка D4 пуста
00:12:22.879 ERROR  e.c.o.j.s.c.f.Match - Клетка E4 пуста
00:12:22.879 ERROR  e.c.o.j.s.c.f.Match - Клетка F4 пуста
00:12:22.879 ERROR  e.c.o.j.s.c.f.Match - Клетка G4 пуста
00:12:22.879 ERROR  e.c.o.j.s.c.f.Match - Клетка H4 пуста
00:12:22.879 ERROR  e.c.o.j.s.c.f.Match - Клетка A3 пуста
00:12:22.879 ERROR  e.c.o.j.s.c.f.Match - Клетка B3 пуста
00:12:22.879 ERROR  e.c.o.j.s.c.f.Match - Клетка C3 пуста
00:12:22.879 ERROR  e.c.o.j.s.c.f.Match - Клетка D3 пуста
00:12:22.879 ERROR  e.c.o.j.s.c.f.Match - Клетка E3 пуста
00:12:22.879 ERROR  e.c.o.j.s.c.f.Match - Клетка F3 пуста
00:12:22.879 ERROR  e.c.o.j.s.c.f.Match - Клетка G3 пуста
00:12:22.879 ERROR  e.c.o.j.s.c.f.Match - Клетка H3 пуста
00:12:22.879 INFO   e.c.o.j.s.c.f.Match - Фигура P была поставлена на A2
00:12:22.880 INFO   e.c.o.j.s.c.f.Match - Фигура P была поставлена на B2
00:12:22.880 INFO   e.c.o.j.s.c.f.Match - Фигура P была поставлена на C2
00:12:22.880 INFO   e.c.o.j.s.c.f.Match - Фигура P была поставлена на D2
00:12:22.880 INFO   e.c.o.j.s.c.f.Match - Фигура P была поставлена на E2
00:12:22.880 INFO   e.c.o.j.s.c.f.Match - Фигура P была поставлена на F2
00:12:22.880 INFO   e.c.o.j.s.c.f.Match - Фигура P была поставлена на G2
00:12:22.880 INFO   e.c.o.j.s.c.f.Match - Фигура P была поставлена на H2
00:12:22.880 INFO   e.c.o.j.s.c.f.Match - Фигура R была поставлена на A1
00:12:22.880 INFO   e.c.o.j.s.c.f.Match - Фигура Knt была поставлена на B1
00:12:22.880 INFO   e.c.o.j.s.c.f.Match - Фигура B была поставлена на C1
00:12:22.880 INFO   e.c.o.j.s.c.f.Match - Фигура Q была поставлена на D1
00:12:22.880 INFO   e.c.o.j.s.c.f.Match - Фигура K была поставлена на E1
00:12:22.880 INFO   e.c.o.j.s.c.f.Match - Фигура B была поставлена на F1
00:12:22.880 INFO   e.c.o.j.s.c.f.Match - Фигура Knt была поставлена на G1
00:12:22.881 INFO   e.c.o.j.s.c.f.Match - Фигура R была поставлена на H1
00:13:03.021 INFO   e.c.o.j.s.c.f.Match - Фигура R была поставлена на A8
00:13:03.027 INFO   e.c.o.j.s.c.f.Match - Фигура Knt была поставлена на B8
00:13:03.027 INFO   e.c.o.j.s.c.f.Match - Фигура B была поставлена на C8
00:13:03.027 INFO   e.c.o.j.s.c.f.Match - Фигура Q была поставлена на D8
00:13:03.027 INFO   e.c.o.j.s.c.f.Match - Фигура K была поставлена на E8
00:13:03.028 INFO   e.c.o.j.s.c.f.Match - Фигура B была поставлена на F8
00:13:03.028 INFO   e.c.o.j.s.c.f.Match - Фигура Knt была поставлена на G8
00:13:03.028 INFO   e.c.o.j.s.c.f.Match - Фигура R была поставлена на H8
00:13:03.028 INFO   e.c.o.j.s.c.f.Match - Фигура P была поставлена на A7
00:13:03.028 INFO   e.c.o.j.s.c.f.Match - Фигура P была поставлена на B7
00:13:03.028 INFO   e.c.o.j.s.c.f.Match - Фигура P была поставлена на C7
00:13:03.029 INFO   e.c.o.j.s.c.f.Match - Фигура P была поставлена на D7
00:13:03.029 INFO   e.c.o.j.s.c.f.Match - Фигура P была поставлена на E7
00:13:03.029 INFO   e.c.o.j.s.c.f.Match - Фигура P была поставлена на F7
00:13:03.029 INFO   e.c.o.j.s.c.f.Match - Фигура P была поставлена на G7
00:13:03.029 INFO   e.c.o.j.s.c.f.Match - Фигура P была поставлена на H7
00:13:03.029 INFO   e.c.o.j.s.c.f.Match - Клетка A6 пуста
00:13:03.030 INFO   e.c.o.j.s.c.f.Match - Клетка B6 пуста
00:13:03.030 INFO   e.c.o.j.s.c.f.Match - Клетка C6 пуста
00:13:03.030 INFO   e.c.o.j.s.c.f.Match - Клетка D6 пуста
00:13:03.030 INFO   e.c.o.j.s.c.f.Match - Клетка E6 пуста
00:13:03.030 INFO   e.c.o.j.s.c.f.Match - Клетка F6 пуста
00:13:03.030 INFO   e.c.o.j.s.c.f.Match - Клетка G6 пуста
00:13:03.031 INFO   e.c.o.j.s.c.f.Match - Клетка H6 пуста
00:13:03.031 INFO   e.c.o.j.s.c.f.Match - Клетка A5 пуста
00:13:03.031 INFO   e.c.o.j.s.c.f.Match - Клетка B5 пуста
00:13:03.031 INFO   e.c.o.j.s.c.f.Match - Клетка C5 пуста
00:13:03.031 INFO   e.c.o.j.s.c.f.Match - Клетка D5 пуста
00:13:03.031 INFO   e.c.o.j.s.c.f.Match - Клетка E5 пуста
00:13:03.031 INFO   e.c.o.j.s.c.f.Match - Клетка F5 пуста
00:13:03.032 INFO   e.c.o.j.s.c.f.Match - Клетка G5 пуста
00:13:03.032 INFO   e.c.o.j.s.c.f.Match - Клетка H5 пуста
00:13:03.032 INFO   e.c.o.j.s.c.f.Match - Клетка A4 пуста
00:13:03.032 INFO   e.c.o.j.s.c.f.Match - Клетка B4 пуста
00:13:03.032 INFO   e.c.o.j.s.c.f.Match - Клетка C4 пуста
00:13:03.032 INFO   e.c.o.j.s.c.f.Match - Клетка D4 пуста
00:13:03.032 INFO   e.c.o.j.s.c.f.Match - Клетка E4 пуста
00:13:03.033 INFO   e.c.o.j.s.c.f.Match - Клетка F4 пуста
00:13:03.033 INFO   e.c.o.j.s.c.f.Match - Клетка G4 пуста
00:13:03.033 INFO   e.c.o.j.s.c.f.Match - Клетка H4 пуста
00:13:03.033 INFO   e.c.o.j.s.c.f.Match - Клетка A3 пуста
00:13:03.033 INFO   e.c.o.j.s.c.f.Match - Клетка B3 пуста
00:13:03.033 INFO   e.c.o.j.s.c.f.Match - Клетка C3 пуста
00:13:03.033 INFO   e.c.o.j.s.c.f.Match - Клетка D3 пуста
00:13:03.034 INFO   e.c.o.j.s.c.f.Match - Клетка E3 пуста
00:13:03.034 INFO   e.c.o.j.s.c.f.Match - Клетка F3 пуста
00:13:03.034 INFO   e.c.o.j.s.c.f.Match - Клетка G3 пуста
00:13:03.034 INFO   e.c.o.j.s.c.f.Match - Клетка H3 пуста
00:13:03.034 INFO   e.c.o.j.s.c.f.Match - Фигура P была поставлена на A2
00:13:03.034 INFO   e.c.o.j.s.c.f.Match - Фигура P была поставлена на B2
00:13:03.034 INFO   e.c.o.j.s.c.f.Match - Фигура P была поставлена на C2
00:13:03.034 INFO   e.c.o.j.s.c.f.Match - Фигура P была поставлена на D2
00:13:03.034 INFO   e.c.o.j.s.c.f.Match - Фигура P была поставлена на E2
00:13:03.034 INFO   e.c.o.j.s.c.f.Match - Фигура P была поставлена на F2
00:13:03.035 INFO   e.c.o.j.s.c.f.Match - Фигура P была поставлена на G2
00:13:03.035 INFO   e.c.o.j.s.c.f.Match - Фигура P была поставлена на H2
00:13:03.035 INFO   e.c.o.j.s.c.f.Match - Фигура R была поставлена на A1
00:13:03.035 INFO   e.c.o.j.s.c.f.Match - Фигура Knt была поставлена на B1
00:13:03.035 INFO   e.c.o.j.s.c.f.Match - Фигура B была поставлена на C1
00:13:03.035 INFO   e.c.o.j.s.c.f.Match - Фигура Q была поставлена на D1
00:13:03.035 INFO   e.c.o.j.s.c.f.Match - Фигура K была поставлена на E1
00:13:03.035 INFO   e.c.o.j.s.c.f.Match - Фигура B была поставлена на F1
00:13:03.036 INFO   e.c.o.j.s.c.f.Match - Фигура Knt была поставлена на G1
00:13:03.036 INFO   e.c.o.j.s.c.f.Match - Фигура R была поставлена на H1
00:13:03.306 INFO   e.c.o.j.s.c.f.Match - Фигура R была поставлена на A8
00:13:03.309 INFO   e.c.o.j.s.c.f.Match - Фигура Knt была поставлена на B8
00:13:03.309 INFO   e.c.o.j.s.c.f.Match - Фигура B была поставлена на C8
00:13:03.310 INFO   e.c.o.j.s.c.f.Match - Фигура Q была поставлена на D8
00:13:03.310 INFO   e.c.o.j.s.c.f.Match - Фигура K была поставлена на E8
00:13:03.310 INFO   e.c.o.j.s.c.f.Match - Фигура B была поставлена на F8
00:13:03.310 INFO   e.c.o.j.s.c.f.Match - Фигура Knt была поставлена на G8
00:13:03.310 INFO   e.c.o.j.s.c.f.Match - Фигура R была поставлена на H8
00:13:03.310 INFO   e.c.o.j.s.c.f.Match - Фигура P была поставлена на A7
00:13:03.310 INFO   e.c.o.j.s.c.f.Match - Фигура P была поставлена на B7
00:13:03.310 INFO   e.c.o.j.s.c.f.Match - Фигура P была поставлена на C7
00:13:03.310 INFO   e.c.o.j.s.c.f.Match - Фигура P была поставлена на D7
00:13:03.310 INFO   e.c.o.j.s.c.f.Match - Фигура P была поставлена на E7
00:13:03.311 INFO   e.c.o.j.s.c.f.Match - Фигура P была поставлена на F7
00:13:03.311 INFO   e.c.o.j.s.c.f.Match - Фигура P была поставлена на G7
00:13:03.311 INFO   e.c.o.j.s.c.f.Match - Фигура P была поставлена на H7
00:13:03.311 INFO   e.c.o.j.s.c.f.Match - Клетка A6 пуста
00:13:03.311 INFO   e.c.o.j.s.c.f.Match - Клетка B6 пуста
00:13:03.311 INFO   e.c.o.j.s.c.f.Match - Клетка C6 пуста
00:13:03.312 INFO   e.c.o.j.s.c.f.Match - Клетка D6 пуста
00:13:03.312 INFO   e.c.o.j.s.c.f.Match - Клетка E6 пуста
00:13:03.312 INFO   e.c.o.j.s.c.f.Match - Клетка F6 пуста
00:13:03.312 INFO   e.c.o.j.s.c.f.Match - Клетка G6 пуста
00:13:03.312 INFO   e.c.o.j.s.c.f.Match - Клетка H6 пуста
00:13:03.312 INFO   e.c.o.j.s.c.f.Match - Клетка A5 пуста
00:13:03.312 INFO   e.c.o.j.s.c.f.Match - Клетка B5 пуста
00:13:03.312 INFO   e.c.o.j.s.c.f.Match - Клетка C5 пуста
00:13:03.313 INFO   e.c.o.j.s.c.f.Match - Клетка D5 пуста
00:13:03.313 INFO   e.c.o.j.s.c.f.Match - Клетка E5 пуста
00:13:03.313 INFO   e.c.o.j.s.c.f.Match - Клетка F5 пуста
00:13:03.313 INFO   e.c.o.j.s.c.f.Match - Клетка G5 пуста
00:13:03.313 INFO   e.c.o.j.s.c.f.Match - Клетка H5 пуста
00:13:03.313 INFO   e.c.o.j.s.c.f.Match - Клетка A4 пуста
00:13:03.313 INFO   e.c.o.j.s.c.f.Match - Клетка B4 пуста
00:13:03.313 INFO   e.c.o.j.s.c.f.Match - Клетка C4 пуста
00:13:03.313 INFO   e.c.o.j.s.c.f.Match - Клетка D4 пуста
00:13:03.314 INFO   e.c.o.j.s.c.f.Match - Клетка E4 пуста
00:13:03.314 INFO   e.c.o.j.s.c.f.Match - Клетка F4 пуста
00:13:03.314 INFO   e.c.o.j.s.c.f.Match - Клетка G4 пуста
00:13:03.314 INFO   e.c.o.j.s.c.f.Match - Клетка H4 пуста
00:13:03.314 INFO   e.c.o.j.s.c.f.Match - Клетка A3 пуста
00:13:03.314 INFO   e.c.o.j.s.c.f.Match - Клетка B3 пуста
00:13:03.314 INFO   e.c.o.j.s.c.f.Match - Клетка C3 пуста
00:13:03.314 INFO   e.c.o.j.s.c.f.Match - Клетка D3 пуста
00:13:03.314 INFO   e.c.o.j.s.c.f.Match - Клетка E3 пуста
00:13:03.314 INFO   e.c.o.j.s.c.f.Match - Клетка F3 пуста
00:13:03.315 INFO   e.c.o.j.s.c.f.Match - Клетка G3 пуста
00:13:03.315 INFO   e.c.o.j.s.c.f.Match - Клетка H3 пуста
00:13:03.315 INFO   e.c.o.j.s.c.f.Match - Фигура P была поставлена на A2
00:13:03.315 INFO   e.c.o.j.s.c.f.Match - Фигура P была поставлена на B2
00:13:03.315 INFO   e.c.o.j.s.c.f.Match - Фигура P была поставлена на C2
00:13:03.315 INFO   e.c.o.j.s.c.f.Match - Фигура P была поставлена на D2
00:13:03.315 INFO   e.c.o.j.s.c.f.Match - Фигура P была поставлена на E2
00:13:03.315 INFO   e.c.o.j.s.c.f.Match - Фигура P была поставлена на F2
00:13:03.315 INFO   e.c.o.j.s.c.f.Match - Фигура P была поставлена на G2
00:13:03.315 INFO   e.c.o.j.s.c.f.Match - Фигура P была поставлена на H2
00:13:03.315 INFO   e.c.o.j.s.c.f.Match - Фигура R была поставлена на A1
00:13:03.316 INFO   e.c.o.j.s.c.f.Match - Фигура Knt была поставлена на B1
00:13:03.316 INFO   e.c.o.j.s.c.f.Match - Фигура B была поставлена на C1
00:13:03.316 INFO   e.c.o.j.s.c.f.Match - Фигура Q была поставлена на D1
00:13:03.316 INFO   e.c.o.j.s.c.f.Match - Фигура K была поставлена на E1
00:13:03.316 INFO   e.c.o.j.s.c.f.Match - Фигура B была поставлена на F1
00:13:03.316 INFO   e.c.o.j.s.c.f.Match - Фигура Knt была поставлена на G1
00:13:03.316 INFO   e.c.o.j.s.c.f.Match - Фигура R была поставлена на H1
00:17:36.686 INFO   e.c.o.j.s.c.f.Match - Фигура R была поставлена на A8
00:17:36.689 INFO   e.c.o.j.s.c.f.Match - Фигура Knt была поставлена на B8
00:17:36.689 INFO   e.c.o.j.s.c.f.Match - Фигура B была поставлена на C8
00:17:36.689 INFO   e.c.o.j.s.c.f.Match - Фигура Q была поставлена на D8
00:17:36.689 INFO   e.c.o.j.s.c.f.Match - Фигура K была поставлена на E8
00:17:36.690 INFO   e.c.o.j.s.c.f.Match - Фигура B была поставлена на F8
00:17:36.690 INFO   e.c.o.j.s.c.f.Match - Фигура Knt была поставлена на G8
00:17:36.690 INFO   e.c.o.j.s.c.f.Match - Фигура R была поставлена на H8
00:17:36.690 INFO   e.c.o.j.s.c.f.Match - Фигура P была поставлена на A7
00:17:36.690 INFO   e.c.o.j.s.c.f.Match - Фигура P была поставлена на B7
00:17:36.690 INFO   e.c.o.j.s.c.f.Match - Фигура P была поставлена на C7
00:17:36.690 INFO   e.c.o.j.s.c.f.Match - Фигура P была поставлена на D7
00:17:36.690 INFO   e.c.o.j.s.c.f.Match - Фигура P была поставлена на E7
00:17:36.690 INFO   e.c.o.j.s.c.f.Match - Фигура P была поставлена на F7
00:17:36.690 INFO   e.c.o.j.s.c.f.Match - Фигура P была поставлена на G7
00:17:36.690 INFO   e.c.o.j.s.c.f.Match - Фигура P была поставлена на H7
00:17:36.691 INFO   e.c.o.j.s.c.f.Match - Клетка A6 пуста
00:17:36.691 INFO   e.c.o.j.s.c.f.Match - Клетка B6 пуста
00:17:36.691 INFO   e.c.o.j.s.c.f.Match - Клетка C6 пуста
00:17:36.691 INFO   e.c.o.j.s.c.f.Match - Клетка D6 пуста
00:17:36.691 INFO   e.c.o.j.s.c.f.Match - Клетка E6 пуста
00:17:36.691 INFO   e.c.o.j.s.c.f.Match - Клетка F6 пуста
00:17:36.691 INFO   e.c.o.j.s.c.f.Match - Клетка G6 пуста
00:17:36.691 INFO   e.c.o.j.s.c.f.Match - Клетка H6 пуста
00:17:36.691 INFO   e.c.o.j.s.c.f.Match - Клетка A5 пуста
00:17:36.691 INFO   e.c.o.j.s.c.f.Match - Клетка B5 пуста
00:17:36.691 INFO   e.c.o.j.s.c.f.Match - Клетка C5 пуста
00:17:36.691 INFO   e.c.o.j.s.c.f.Match - Клетка D5 пуста
00:17:36.692 INFO   e.c.o.j.s.c.f.Match - Клетка E5 пуста
00:17:36.692 INFO   e.c.o.j.s.c.f.Match - Клетка F5 пуста
00:17:36.692 INFO   e.c.o.j.s.c.f.Match - Клетка G5 пуста
00:17:36.692 INFO   e.c.o.j.s.c.f.Match - Клетка H5 пуста
00:17:36.692 INFO   e.c.o.j.s.c.f.Match - Клетка A4 пуста
00:17:36.692 INFO   e.c.o.j.s.c.f.Match - Клетка B4 пуста
00:17:36.692 INFO   e.c.o.j.s.c.f.Match - Клетка C4 пуста
00:17:36.692 INFO   e.c.o.j.s.c.f.Match - Клетка D4 пуста
00:17:36.692 INFO   e.c.o.j.s.c.f.Match - Клетка E4 пуста
00:17:36.692 INFO   e.c.o.j.s.c.f.Match - Клетка F4 пуста
00:17:36.692 INFO   e.c.o.j.s.c.f.Match - Клетка G4 пуста
00:17:36.692 INFO   e.c.o.j.s.c.f.Match - Клетка H4 пуста
00:17:36.692 INFO   e.c.o.j.s.c.f.Match - Клетка A3 пуста
00:17:36.693 INFO   e.c.o.j.s.c.f.Match - Клетка B3 пуста
00:17:36.693 INFO   e.c.o.j.s.c.f.Match - Клетка C3 пуста
00:17:36.693 INFO   e.c.o.j.s.c.f.Match - Клетка D3 пуста
00:17:36.693 INFO   e.c.o.j.s.c.f.Match - Клетка E3 пуста
00:17:36.693 INFO   e.c.o.j.s.c.f.Match - Клетка F3 пуста
00:17:36.693 INFO   e.c.o.j.s.c.f.Match - Клетка G3 пуста
00:17:36.693 INFO   e.c.o.j.s.c.f.Match - Клетка H3 пуста
00:17:36.693 INFO   e.c.o.j.s.c.f.Match - Фигура P была поставлена на A2
00:17:36.693 INFO   e.c.o.j.s.c.f.Match - Фигура P была поставлена на B2
00:17:36.693 INFO   e.c.o.j.s.c.f.Match - Фигура P была поставлена на C2
00:17:36.693 INFO   e.c.o.j.s.c.f.Match - Фигура P была поставлена на D2
00:17:36.693 INFO   e.c.o.j.s.c.f.Match - Фигура P была поставлена на E2
00:17:36.693 INFO   e.c.o.j.s.c.f.Match - Фигура P была поставлена на F2
00:17:36.693 INFO   e.c.o.j.s.c.f.Match - Фигура P была поставлена на G2
00:17:36.694 INFO   e.c.o.j.s.c.f.Match - Фигура P была поставлена на H2
00:17:36.694 INFO   e.c.o.j.s.c.f.Match - Фигура R была поставлена на A1
00:17:36.694 INFO   e.c.o.j.s.c.f.Match - Фигура Knt была поставлена на B1
00:17:36.694 INFO   e.c.o.j.s.c.f.Match - Фигура B была поставлена на C1
00:17:36.694 INFO   e.c.o.j.s.c.f.Match - Фигура Q была поставлена на D1
00:17:36.694 INFO   e.c.o.j.s.c.f.Match - Фигура K была поставлена на E1
00:17:36.694 INFO   e.c.o.j.s.c.f.Match - Фигура B была поставлена на F1
00:17:36.694 INFO   e.c.o.j.s.c.f.Match - Фигура Knt была поставлена на G1
00:17:36.694 INFO   e.c.o.j.s.c.f.Match - Фигура R была поставлена на H1
00:31:43.298 INFO   e.c.o.j.s.c.f.Match - Фигура R была поставлена на A8
00:31:43.301 INFO   e.c.o.j.s.c.f.Match - Фигура Knt была поставлена на B8
00:31:43.302 INFO   e.c.o.j.s.c.f.Match - Фигура B была поставлена на C8
00:31:43.302 INFO   e.c.o.j.s.c.f.Match - Фигура Q была поставлена на D8
00:31:43.302 INFO   e.c.o.j.s.c.f.Match - Фигура K была поставлена на E8
00:31:43.302 INFO   e.c.o.j.s.c.f.Match - Фигура B была поставлена на F8
00:31:43.302 INFO   e.c.o.j.s.c.f.Match - Фигура Knt была поставлена на G8
00:31:43.302 INFO   e.c.o.j.s.c.f.Match - Фигура R была поставлена на H8
00:31:43.302 INFO   e.c.o.j.s.c.f.Match - Фигура P была поставлена на A7
00:31:43.302 INFO   e.c.o.j.s.c.f.Match - Фигура P была поставлена на B7
00:31:43.302 INFO   e.c.o.j.s.c.f.Match - Фигура P была поставлена на C7
00:31:43.302 INFO   e.c.o.j.s.c.f.Match - Фигура P была поставлена на D7
00:31:43.303 INFO   e.c.o.j.s.c.f.Match - Фигура P была поставлена на E7
00:31:43.303 INFO   e.c.o.j.s.c.f.Match - Фигура P была поставлена на F7
00:31:43.303 INFO   e.c.o.j.s.c.f.Match - Фигура P была поставлена на G7
00:31:43.303 INFO   e.c.o.j.s.c.f.Match - Фигура P была поставлена на H7
00:31:43.303 INFO   e.c.o.j.s.c.f.Match - Клетка A6 пуста
00:31:43.303 INFO   e.c.o.j.s.c.f.Match - Клетка B6 пуста
00:31:43.303 INFO   e.c.o.j.s.c.f.Match - Клетка C6 пуста
00:31:43.303 INFO   e.c.o.j.s.c.f.Match - Клетка D6 пуста
00:31:43.304 INFO   e.c.o.j.s.c.f.Match - Клетка E6 пуста
00:31:43.304 INFO   e.c.o.j.s.c.f.Match - Клетка F6 пуста
00:31:43.304 INFO   e.c.o.j.s.c.f.Match - Клетка G6 пуста
00:31:43.304 INFO   e.c.o.j.s.c.f.Match - Клетка H6 пуста
00:31:43.304 INFO   e.c.o.j.s.c.f.Match - Клетка A5 пуста
00:31:43.304 INFO   e.c.o.j.s.c.f.Match - Клетка B5 пуста
00:31:43.304 INFO   e.c.o.j.s.c.f.Match - Клетка C5 пуста
00:31:43.304 INFO   e.c.o.j.s.c.f.Match - Клетка D5 пуста
00:31:43.304 INFO   e.c.o.j.s.c.f.Match - Клетка E5 пуста
00:31:43.304 INFO   e.c.o.j.s.c.f.Match - Клетка F5 пуста
00:31:43.305 INFO   e.c.o.j.s.c.f.Match - Клетка G5 пуста
00:31:43.305 INFO   e.c.o.j.s.c.f.Match - Клетка H5 пуста
00:31:43.305 INFO   e.c.o.j.s.c.f.Match - Клетка A4 пуста
00:31:43.305 INFO   e.c.o.j.s.c.f.Match - Клетка B4 пуста
00:31:43.305 INFO   e.c.o.j.s.c.f.Match - Клетка C4 пуста
00:31:43.305 INFO   e.c.o.j.s.c.f.Match - Клетка D4 пуста
00:31:43.305 INFO   e.c.o.j.s.c.f.Match - Клетка E4 пуста
00:31:43.305 INFO   e.c.o.j.s.c.f.Match - Клетка F4 пуста
00:31:43.305 INFO   e.c.o.j.s.c.f.Match - Клетка G4 пуста
00:31:43.305 INFO   e.c.o.j.s.c.f.Match - Клетка H4 пуста
00:31:43.305 INFO   e.c.o.j.s.c.f.Match - Клетка A3 пуста
00:31:43.305 INFO   e.c.o.j.s.c.f.Match - Клетка B3 пуста
00:31:43.305 INFO   e.c.o.j.s.c.f.Match - Клетка C3 пуста
00:31:43.306 INFO   e.c.o.j.s.c.f.Match - Клетка D3 пуста
00:31:43.306 INFO   e.c.o.j.s.c.f.Match - Клетка E3 пуста
00:31:43.306 INFO   e.c.o.j.s.c.f.Match - Клетка F3 пуста
00:31:43.306 INFO   e.c.o.j.s.c.f.Match - Клетка G3 пуста
00:31:43.306 INFO   e.c.o.j.s.c.f.Match - Клетка H3 пуста
00:31:43.306 INFO   e.c.o.j.s.c.f.Match - Фигура P была поставлена на A2
00:31:43.306 INFO   e.c.o.j.s.c.f.Match - Фигура P была поставлена на B2
00:31:43.306 INFO   e.c.o.j.s.c.f.Match - Фигура P была поставлена на C2
00:31:43.306 INFO   e.c.o.j.s.c.f.Match - Фигура P была поставлена на D2
00:31:43.306 INFO   e.c.o.j.s.c.f.Match - Фигура P была поставлена на E2
00:31:43.306 INFO   e.c.o.j.s.c.f.Match - Фигура P была поставлена на F2
00:31:43.306 INFO   e.c.o.j.s.c.f.Match - Фигура P была поставлена на G2
00:31:43.306 INFO   e.c.o.j.s.c.f.Match - Фигура P была поставлена на H2
00:31:43.306 INFO   e.c.o.j.s.c.f.Match - Фигура R была поставлена на A1
00:31:43.306 INFO   e.c.o.j.s.c.f.Match - Фигура Knt была поставлена на B1
00:31:43.306 INFO   e.c.o.j.s.c.f.Match - Фигура B была поставлена на C1
00:31:43.306 INFO   e.c.o.j.s.c.f.Match - Фигура Q была поставлена на D1
00:31:43.306 INFO   e.c.o.j.s.c.f.Match - Фигура K была поставлена на E1
00:31:43.306 INFO   e.c.o.j.s.c.f.Match - Фигура B была поставлена на F1
00:31:43.306 INFO   e.c.o.j.s.c.f.Match - Фигура Knt была поставлена на G1
00:31:43.306 INFO   e.c.o.j.s.c.f.Match - Фигура R была поставлена на H1
00:31:55.679 INFO   e.c.o.j.s.c.f.Match - Фигура R была поставлена на A8
00:31:55.681 INFO   e.c.o.j.s.c.f.Match - Фигура Knt была поставлена на B8
00:31:55.681 INFO   e.c.o.j.s.c.f.Match - Фигура B была поставлена на C8
00:31:55.681 INFO   e.c.o.j.s.c.f.Match - Фигура Q была поставлена на D8
00:31:55.681 INFO   e.c.o.j.s.c.f.Match - Фигура K была поставлена на E8
00:31:55.681 INFO   e.c.o.j.s.c.f.Match - Фигура B была поставлена на F8
00:31:55.681 INFO   e.c.o.j.s.c.f.Match - Фигура Knt была поставлена на G8
00:31:55.681 INFO   e.c.o.j.s.c.f.Match - Фигура R была поставлена на H8
00:31:55.681 INFO   e.c.o.j.s.c.f.Match - Фигура P была поставлена на A7
00:31:55.681 INFO   e.c.o.j.s.c.f.Match - Фигура P была поставлена на B7
00:31:55.682 INFO   e.c.o.j.s.c.f.Match - Фигура P была поставлена на C7
00:31:55.682 INFO   e.c.o.j.s.c.f.Match - Фигура P была поставлена на D7
00:31:55.682 INFO   e.c.o.j.s.c.f.Match - Фигура P была поставлена на E7
00:31:55.682 INFO   e.c.o.j.s.c.f.Match - Фигура P была поставлена на F7
00:31:55.682 INFO   e.c.o.j.s.c.f.Match - Фигура P была поставлена на G7
00:31:55.682 INFO   e.c.o.j.s.c.f.Match - Фигура P была поставлена на H7
00:31:55.682 INFO   e.c.o.j.s.c.f.Match - Клетка A6 пуста
00:31:55.682 INFO   e.c.o.j.s.c.f.Match - Клетка B6 пуста
00:31:55.682 INFO   e.c.o.j.s.c.f.Match - Клетка C6 пуста
00:31:55.683 INFO   e.c.o.j.s.c.f.Match - Клетка D6 пуста
00:31:55.683 INFO   e.c.o.j.s.c.f.Match - Клетка E6 пуста
00:31:55.683 INFO   e.c.o.j.s.c.f.Match - Клетка F6 пуста
00:31:55.683 INFO   e.c.o.j.s.c.f.Match - Клетка G6 пуста
00:31:55.683 INFO   e.c.o.j.s.c.f.Match - Клетка H6 пуста
00:31:55.683 INFO   e.c.o.j.s.c.f.Match - Клетка A5 пуста
00:31:55.683 INFO   e.c.o.j.s.c.f.Match - Клетка B5 пуста
00:31:55.683 INFO   e.c.o.j.s.c.f.Match - Клетка C5 пуста
00:31:55.683 INFO   e.c.o.j.s.c.f.Match - Клетка D5 пуста
00:31:55.684 INFO   e.c.o.j.s.c.f.Match - Клетка E5 пуста
00:31:55.684 INFO   e.c.o.j.s.c.f.Match - Клетка F5 пуста
00:31:55.684 INFO   e.c.o.j.s.c.f.Match - Клетка G5 пуста
00:31:55.684 INFO   e.c.o.j.s.c.f.Match - Клетка H5 пуста
00:31:55.684 INFO   e.c.o.j.s.c.f.Match - Клетка A4 пуста
00:31:55.684 INFO   e.c.o.j.s.c.f.Match - Клетка B4 пуста
00:31:55.684 INFO   e.c.o.j.s.c.f.Match - Клетка C4 пуста
00:31:55.684 INFO   e.c.o.j.s.c.f.Match - Клетка D4 пуста
00:31:55.684 INFO   e.c.o.j.s.c.f.Match - Клетка E4 пуста
00:31:55.685 INFO   e.c.o.j.s.c.f.Match - Клетка F4 пуста
00:31:55.685 INFO   e.c.o.j.s.c.f.Match - Клетка G4 пуста
00:31:55.685 INFO   e.c.o.j.s.c.f.Match - Клетка H4 пуста
00:31:55.685 INFO   e.c.o.j.s.c.f.Match - Клетка A3 пуста
00:31:55.685 INFO   e.c.o.j.s.c.f.Match - Клетка B3 пуста
00:31:55.685 INFO   e.c.o.j.s.c.f.Match - Клетка C3 пуста
00:31:55.685 INFO   e.c.o.j.s.c.f.Match - Клетка D3 пуста
00:31:55.685 INFO   e.c.o.j.s.c.f.Match - Клетка E3 пуста
00:31:55.685 INFO   e.c.o.j.s.c.f.Match - Клетка F3 пуста
00:31:55.685 INFO   e.c.o.j.s.c.f.Match - Клетка G3 пуста
00:31:55.685 INFO   e.c.o.j.s.c.f.Match - Клетка H3 пуста
00:31:55.686 INFO   e.c.o.j.s.c.f.Match - Фигура P была поставлена на A2
00:31:55.686 INFO   e.c.o.j.s.c.f.Match - Фигура P была поставлена на B2
00:31:55.686 INFO   e.c.o.j.s.c.f.Match - Фигура P была поставлена на C2
00:31:55.686 INFO   e.c.o.j.s.c.f.Match - Фигура P была поставлена на D2
00:31:55.686 INFO   e.c.o.j.s.c.f.Match - Фигура P была поставлена на E2
00:31:55.686 INFO   e.c.o.j.s.c.f.Match - Фигура P была поставлена на F2
00:31:55.686 INFO   e.c.o.j.s.c.f.Match - Фигура P была поставлена на G2
00:31:55.686 INFO   e.c.o.j.s.c.f.Match - Фигура P была поставлена на H2
00:31:55.686 INFO   e.c.o.j.s.c.f.Match - Фигура R была поставлена на A1
00:31:55.686 INFO   e.c.o.j.s.c.f.Match - Фигура Knt была поставлена на B1
00:31:55.686 INFO   e.c.o.j.s.c.f.Match - Фигура B была поставлена на C1
00:31:55.686 INFO   e.c.o.j.s.c.f.Match - Фигура Q была поставлена на D1
00:31:55.687 INFO   e.c.o.j.s.c.f.Match - Фигура K была поставлена на E1
00:31:55.687 INFO   e.c.o.j.s.c.f.Match - Фигура B была поставлена на F1
00:31:55.687 INFO   e.c.o.j.s.c.f.Match - Фигура Knt была поставлена на G1
00:31:55.687 INFO   e.c.o.j.s.c.f.Match - Фигура R была поставлена на H1
00:32:04.026 INFO   e.c.o.j.s.c.f.Match - Фигура R была поставлена на A8
00:32:04.028 INFO   e.c.o.j.s.c.f.Match - Фигура Knt была поставлена на B8
00:32:04.028 INFO   e.c.o.j.s.c.f.Match - Фигура B была поставлена на C8
00:32:04.028 INFO   e.c.o.j.s.c.f.Match - Фигура Q была поставлена на D8
00:32:04.028 INFO   e.c.o.j.s.c.f.Match - Фигура K была поставлена на E8
00:32:04.028 INFO   e.c.o.j.s.c.f.Match - Фигура B была поставлена на F8
00:32:04.028 INFO   e.c.o.j.s.c.f.Match - Фигура Knt была поставлена на G8
00:32:04.028 INFO   e.c.o.j.s.c.f.Match - Фигура R была поставлена на H8
00:32:04.028 INFO   e.c.o.j.s.c.f.Match - Фигура P была поставлена на A7
00:32:04.029 INFO   e.c.o.j.s.c.f.Match - Фигура P была поставлена на B7
00:32:04.029 INFO   e.c.o.j.s.c.f.Match - Фигура P была поставлена на C7
00:32:04.029 INFO   e.c.o.j.s.c.f.Match - Фигура P была поставлена на D7
00:32:04.029 INFO   e.c.o.j.s.c.f.Match - Фигура P была поставлена на E7
00:32:04.029 INFO   e.c.o.j.s.c.f.Match - Фигура P была поставлена на F7
00:32:04.029 INFO   e.c.o.j.s.c.f.Match - Фигура P была поставлена на G7
00:32:04.029 INFO   e.c.o.j.s.c.f.Match - Фигура P была поставлена на H7
00:32:04.029 INFO   e.c.o.j.s.c.f.Match - Клетка A6 пуста
00:32:04.029 INFO   e.c.o.j.s.c.f.Match - Клетка B6 пуста
00:32:04.029 INFO   e.c.o.j.s.c.f.Match - Клетка C6 пуста
00:32:04.030 INFO   e.c.o.j.s.c.f.Match - Клетка D6 пуста
00:32:04.030 INFO   e.c.o.j.s.c.f.Match - Клетка E6 пуста
00:32:04.030 INFO   e.c.o.j.s.c.f.Match - Клетка F6 пуста
00:32:04.030 INFO   e.c.o.j.s.c.f.Match - Клетка G6 пуста
00:32:04.030 INFO   e.c.o.j.s.c.f.Match - Клетка H6 пуста
00:32:04.030 INFO   e.c.o.j.s.c.f.Match - Клетка A5 пуста
00:32:04.030 INFO   e.c.o.j.s.c.f.Match - Клетка B5 пуста
00:32:04.030 INFO   e.c.o.j.s.c.f.Match - Клетка C5 пуста
00:32:04.030 INFO   e.c.o.j.s.c.f.Match - Клетка D5 пуста
00:32:04.031 INFO   e.c.o.j.s.c.f.Match - Клетка E5 пуста
00:32:04.031 INFO   e.c.o.j.s.c.f.Match - Клетка F5 пуста
00:32:04.031 INFO   e.c.o.j.s.c.f.Match - Клетка G5 пуста
00:32:04.031 INFO   e.c.o.j.s.c.f.Match - Клетка H5 пуста
00:32:04.031 INFO   e.c.o.j.s.c.f.Match - Клетка A4 пуста
00:32:04.031 INFO   e.c.o.j.s.c.f.Match - Клетка B4 пуста
00:32:04.031 INFO   e.c.o.j.s.c.f.Match - Клетка C4 пуста
00:32:04.031 INFO   e.c.o.j.s.c.f.Match - Клетка D4 пуста
00:32:04.031 INFO   e.c.o.j.s.c.f.Match - Клетка E4 пуста
00:32:04.031 INFO   e.c.o.j.s.c.f.Match - Клетка F4 пуста
00:32:04.032 INFO   e.c.o.j.s.c.f.Match - Клетка G4 пуста
00:32:04.032 INFO   e.c.o.j.s.c.f.Match - Клетка H4 пуста
00:32:04.032 INFO   e.c.o.j.s.c.f.Match - Клетка A3 пуста
00:32:04.032 INFO   e.c.o.j.s.c.f.Match - Клетка B3 пуста
00:32:04.032 INFO   e.c.o.j.s.c.f.Match - Клетка C3 пуста
00:32:04.033 INFO   e.c.o.j.s.c.f.Match - Клетка D3 пуста
00:32:04.033 INFO   e.c.o.j.s.c.f.Match - Клетка E3 пуста
00:32:04.034 INFO   e.c.o.j.s.c.f.Match - Клетка F3 пуста
00:32:04.034 INFO   e.c.o.j.s.c.f.Match - Клетка G3 пуста
00:32:04.034 INFO   e.c.o.j.s.c.f.Match - Клетка H3 пуста
00:32:04.034 INFO   e.c.o.j.s.c.f.Match - Фигура P была поставлена на A2
00:32:04.034 INFO   e.c.o.j.s.c.f.Match - Фигура P была поставлена на B2
00:32:04.034 INFO   e.c.o.j.s.c.f.Match - Фигура P была поставлена на C2
00:32:04.034 INFO   e.c.o.j.s.c.f.Match - Фигура P была поставлена на D2
00:32:04.034 INFO   e.c.o.j.s.c.f.Match - Фигура P была поставлена на E2
00:32:04.034 INFO   e.c.o.j.s.c.f.Match - Фигура P была поставлена на F2
00:32:04.034 INFO   e.c.o.j.s.c.f.Match - Фигура P была поставлена на G2
00:32:04.034 INFO   e.c.o.j.s.c.f.Match - Фигура P была поставлена на H2
00:32:04.035 INFO   e.c.o.j.s.c.f.Match - Фигура R была поставлена на A1
00:32:04.035 INFO   e.c.o.j.s.c.f.Match - Фигура Knt была поставлена на B1
00:32:04.035 INFO   e.c.o.j.s.c.f.Match - Фигура B была поставлена на C1
00:32:04.035 INFO   e.c.o.j.s.c.f.Match - Фигура Q была поставлена на D1
00:32:04.035 INFO   e.c.o.j.s.c.f.Match - Фигура K была поставлена на E1
00:32:04.035 INFO   e.c.o.j.s.c.f.Match - Фигура B была поставлена на F1
00:32:04.035 INFO   e.c.o.j.s.c.f.Match - Фигура Knt была поставлена на G1
00:32:04.035 INFO   e.c.o.j.s.c.f.Match - Фигура R была поставлена на H1
00:32:15.429 INFO   e.c.o.j.s.c.f.Match - Фигура R была поставлена на A8
00:32:15.431 INFO   e.c.o.j.s.c.f.Match - Фигура Knt была поставлена на B8
00:32:15.432 INFO   e.c.o.j.s.c.f.Match - Фигура B была поставлена на C8
00:32:15.432 INFO   e.c.o.j.s.c.f.Match - Фигура Q была поставлена на D8
00:32:15.432 INFO   e.c.o.j.s.c.f.Match - Фигура K была поставлена на E8
00:32:15.432 INFO   e.c.o.j.s.c.f.Match - Фигура B была поставлена на F8
00:32:15.432 INFO   e.c.o.j.s.c.f.Match - Фигура Knt была поставлена на G8
00:32:15.432 INFO   e.c.o.j.s.c.f.Match - Фигура R была поставлена на H8
00:32:15.432 INFO   e.c.o.j.s.c.f.Match - Фигура P была поставлена на A7
00:32:15.432 INFO   e.c.o.j.s.c.f.Match - Фигура P была поставлена на B7
00:32:15.433 INFO   e.c.o.j.s.c.f.Match - Фигура P была поставлена на C7
00:32:15.433 INFO   e.c.o.j.s.c.f.Match - Фигура P была поставлена на D7
00:32:15.433 INFO   e.c.o.j.s.c.f.Match - Фигура P была поставлена на E7
00:32:15.433 INFO   e.c.o.j.s.c.f.Match - Фигура P была поставлена на F7
00:32:15.433 INFO   e.c.o.j.s.c.f.Match - Фигура P была поставлена на G7
00:32:15.433 INFO   e.c.o.j.s.c.f.Match - Фигура P была поставлена на H7
00:32:15.433 INFO   e.c.o.j.s.c.f.Match - Клетка A6 пуста
00:32:15.433 INFO   e.c.o.j.s.c.f.Match - Клетка B6 пуста
00:32:15.434 INFO   e.c.o.j.s.c.f.Match - Клетка C6 пуста
00:32:15.434 INFO   e.c.o.j.s.c.f.Match - Клетка D6 пуста
00:32:15.434 INFO   e.c.o.j.s.c.f.Match - Клетка E6 пуста
00:32:15.434 INFO   e.c.o.j.s.c.f.Match - Клетка F6 пуста
00:32:15.434 INFO   e.c.o.j.s.c.f.Match - Клетка G6 пуста
00:32:15.434 INFO   e.c.o.j.s.c.f.Match - Клетка H6 пуста
00:32:15.434 INFO   e.c.o.j.s.c.f.Match - Клетка A5 пуста
00:32:15.434 INFO   e.c.o.j.s.c.f.Match - Клетка B5 пуста
00:32:15.434 INFO   e.c.o.j.s.c.f.Match - Клетка C5 пуста
00:32:15.434 INFO   e.c.o.j.s.c.f.Match - Клетка D5 пуста
00:32:15.435 INFO   e.c.o.j.s.c.f.Match - Клетка E5 пуста
00:32:15.435 INFO   e.c.o.j.s.c.f.Match - Клетка F5 пуста
00:32:15.435 INFO   e.c.o.j.s.c.f.Match - Клетка G5 пуста
00:32:15.435 INFO   e.c.o.j.s.c.f.Match - Клетка H5 пуста
00:32:15.435 INFO   e.c.o.j.s.c.f.Match - Клетка A4 пуста
00:32:15.435 INFO   e.c.o.j.s.c.f.Match - Клетка B4 пуста
00:32:15.435 INFO   e.c.o.j.s.c.f.Match - Клетка C4 пуста
00:32:15.435 INFO   e.c.o.j.s.c.f.Match - Клетка D4 пуста
00:32:15.435 INFO   e.c.o.j.s.c.f.Match - Клетка E4 пуста
00:32:15.436 INFO   e.c.o.j.s.c.f.Match - Клетка F4 пуста
00:32:15.436 INFO   e.c.o.j.s.c.f.Match - Клетка G4 пуста
00:32:15.436 INFO   e.c.o.j.s.c.f.Match - Клетка H4 пуста
00:32:15.436 INFO   e.c.o.j.s.c.f.Match - Клетка A3 пуста
00:32:15.436 INFO   e.c.o.j.s.c.f.Match - Клетка B3 пуста
00:32:15.436 INFO   e.c.o.j.s.c.f.Match - Клетка C3 пуста
00:32:15.436 INFO   e.c.o.j.s.c.f.Match - Клетка D3 пуста
00:32:15.436 INFO   e.c.o.j.s.c.f.Match - Клетка E3 пуста
00:32:15.436 INFO   e.c.o.j.s.c.f.Match - Клетка F3 пуста
00:32:15.436 INFO   e.c.o.j.s.c.f.Match - Клетка G3 пуста
00:32:15.436 INFO   e.c.o.j.s.c.f.Match - Клетка H3 пуста
00:32:15.436 INFO   e.c.o.j.s.c.f.Match - Фигура P была поставлена на A2
00:32:15.436 INFO   e.c.o.j.s.c.f.Match - Фигура P была поставлена на B2
00:32:15.437 INFO   e.c.o.j.s.c.f.Match - Фигура P была поставлена на C2
00:32:15.437 INFO   e.c.o.j.s.c.f.Match - Фигура P была поставлена на D2
00:32:15.437 INFO   e.c.o.j.s.c.f.Match - Фигура P была поставлена на E2
00:32:15.437 INFO   e.c.o.j.s.c.f.Match - Фигура P была поставлена на F2
00:32:15.437 INFO   e.c.o.j.s.c.f.Match - Фигура P была поставлена на G2
00:32:15.437 INFO   e.c.o.j.s.c.f.Match - Фигура P была поставлена на H2
00:32:15.437 INFO   e.c.o.j.s.c.f.Match - Фигура R была поставлена на A1
00:32:15.437 INFO   e.c.o.j.s.c.f.Match - Фигура Knt была поставлена на B1
00:32:15.437 INFO   e.c.o.j.s.c.f.Match - Фигура B была поставлена на C1
00:32:15.437 INFO   e.c.o.j.s.c.f.Match - Фигура Q была поставлена на D1
00:32:15.437 INFO   e.c.o.j.s.c.f.Match - Фигура K была поставлена на E1
00:32:15.437 INFO   e.c.o.j.s.c.f.Match - Фигура B была поставлена на F1
00:32:15.437 INFO   e.c.o.j.s.c.f.Match - Фигура Knt была поставлена на G1
00:32:15.437 INFO   e.c.o.j.s.c.f.Match - Фигура R была поставлена на H1
00:32:22.911 INFO   e.c.o.j.s.c.f.Match - Фигура R была поставлена на A8
00:32:22.913 INFO   e.c.o.j.s.c.f.Match - Фигура Knt была поставлена на B8
00:32:22.914 INFO   e.c.o.j.s.c.f.Match - Фигура B была поставлена на C8
00:32:22.914 INFO   e.c.o.j.s.c.f.Match - Фигура Q была поставлена на D8
00:32:22.914 INFO   e.c.o.j.s.c.f.Match - Фигура K была поставлена на E8
00:32:22.914 INFO   e.c.o.j.s.c.f.Match - Фигура B была поставлена на F8
00:32:22.914 INFO   e.c.o.j.s.c.f.Match - Фигура Knt была поставлена на G8
00:32:22.914 INFO   e.c.o.j.s.c.f.Match - Фигура R была поставлена на H8
00:32:22.914 INFO   e.c.o.j.s.c.f.Match - Фигура P была поставлена на A7
00:32:22.914 INFO   e.c.o.j.s.c.f.Match - Фигура P была поставлена на B7
00:32:22.914 INFO   e.c.o.j.s.c.f.Match - Фигура P была поставлена на C7
00:32:22.915 INFO   e.c.o.j.s.c.f.Match - Фигура P была поставлена на D7
00:32:22.915 INFO   e.c.o.j.s.c.f.Match - Фигура P была поставлена на E7
00:32:22.915 INFO   e.c.o.j.s.c.f.Match - Фигура P была поставлена на F7
00:32:22.915 INFO   e.c.o.j.s.c.f.Match - Фигура P была поставлена на G7
00:32:22.915 INFO   e.c.o.j.s.c.f.Match - Фигура P была поставлена на H7
00:32:22.915 INFO   e.c.o.j.s.c.f.Match - Клетка A6 пуста
00:32:22.915 INFO   e.c.o.j.s.c.f.Match - Клетка B6 пуста
00:32:22.916 INFO   e.c.o.j.s.c.f.Match - Клетка C6 пуста
00:32:22.916 INFO   e.c.o.j.s.c.f.Match - Клетка D6 пуста
00:32:22.916 INFO   e.c.o.j.s.c.f.Match - Клетка E6 пуста
00:32:22.916 INFO   e.c.o.j.s.c.f.Match - Клетка F6 пуста
00:32:22.916 INFO   e.c.o.j.s.c.f.Match - Клетка G6 пуста
00:32:22.916 INFO   e.c.o.j.s.c.f.Match - Клетка H6 пуста
00:32:22.916 INFO   e.c.o.j.s.c.f.Match - Клетка A5 пуста
00:32:22.916 INFO   e.c.o.j.s.c.f.Match - Клетка B5 пуста
00:32:22.916 INFO   e.c.o.j.s.c.f.Match - Клетка C5 пуста
00:32:22.917 INFO   e.c.o.j.s.c.f.Match - Клетка D5 пуста
00:32:22.917 INFO   e.c.o.j.s.c.f.Match - Клетка E5 пуста
00:32:22.917 INFO   e.c.o.j.s.c.f.Match - Клетка F5 пуста
00:32:22.917 INFO   e.c.o.j.s.c.f.Match - Клетка G5 пуста
00:32:22.917 INFO   e.c.o.j.s.c.f.Match - Клетка H5 пуста
00:32:22.917 INFO   e.c.o.j.s.c.f.Match - Клетка A4 пуста
00:32:22.917 INFO   e.c.o.j.s.c.f.Match - Клетка B4 пуста
00:32:22.917 INFO   e.c.o.j.s.c.f.Match - Клетка C4 пуста
00:32:22.917 INFO   e.c.o.j.s.c.f.Match - Клетка D4 пуста
00:32:22.918 INFO   e.c.o.j.s.c.f.Match - Клетка E4 пуста
00:32:22.918 INFO   e.c.o.j.s.c.f.Match - Клетка F4 пуста
00:32:22.918 INFO   e.c.o.j.s.c.f.Match - Клетка G4 пуста
00:32:22.918 INFO   e.c.o.j.s.c.f.Match - Клетка H4 пуста
00:32:22.918 INFO   e.c.o.j.s.c.f.Match - Клетка A3 пуста
00:32:22.918 INFO   e.c.o.j.s.c.f.Match - Клетка B3 пуста
00:32:22.918 INFO   e.c.o.j.s.c.f.Match - Клетка C3 пуста
00:32:22.918 INFO   e.c.o.j.s.c.f.Match - Клетка D3 пуста
00:32:22.918 INFO   e.c.o.j.s.c.f.Match - Клетка E3 пуста
00:32:22.918 INFO   e.c.o.j.s.c.f.Match - Клетка F3 пуста
00:32:22.918 INFO   e.c.o.j.s.c.f.Match - Клетка G3 пуста
00:32:22.918 INFO   e.c.o.j.s.c.f.Match - Клетка H3 пуста
00:32:22.918 INFO   e.c.o.j.s.c.f.Match - Фигура P была поставлена на A2
00:32:22.918 INFO   e.c.o.j.s.c.f.Match - Фигура P была поставлена на B2
00:32:22.919 INFO   e.c.o.j.s.c.f.Match - Фигура P была поставлена на C2
00:32:22.919 INFO   e.c.o.j.s.c.f.Match - Фигура P была поставлена на D2
00:32:22.919 INFO   e.c.o.j.s.c.f.Match - Фигура P была поставлена на E2
00:32:22.919 INFO   e.c.o.j.s.c.f.Match - Фигура P была поставлена на F2
00:32:22.919 INFO   e.c.o.j.s.c.f.Match - Фигура P была поставлена на G2
00:32:22.919 INFO   e.c.o.j.s.c.f.Match - Фигура P была поставлена на H2
00:32:22.919 INFO   e.c.o.j.s.c.f.Match - Фигура R была поставлена на A1
00:32:22.919 INFO   e.c.o.j.s.c.f.Match - Фигура Knt была поставлена на B1
00:32:22.919 INFO   e.c.o.j.s.c.f.Match - Фигура B была поставлена на C1
00:32:22.919 INFO   e.c.o.j.s.c.f.Match - Фигура Q была поставлена на D1
00:32:22.919 INFO   e.c.o.j.s.c.f.Match - Фигура K была поставлена на E1
00:32:22.919 INFO   e.c.o.j.s.c.f.Match - Фигура B была поставлена на F1
00:32:22.919 INFO   e.c.o.j.s.c.f.Match - Фигура Knt была поставлена на G1
00:32:22.919 INFO   e.c.o.j.s.c.f.Match - Фигура R была поставлена на H1
00:32:39.123 INFO   e.c.o.j.s.c.f.Match - Фигура R была поставлена на A8
00:32:39.125 INFO   e.c.o.j.s.c.f.Match - Фигура Knt была поставлена на B8
00:32:39.125 INFO   e.c.o.j.s.c.f.Match - Фигура B была поставлена на C8
00:32:39.125 INFO   e.c.o.j.s.c.f.Match - Фигура Q была поставлена на D8
00:32:39.126 INFO   e.c.o.j.s.c.f.Match - Фигура K была поставлена на E8
00:32:39.126 INFO   e.c.o.j.s.c.f.Match - Фигура B была поставлена на F8
00:32:39.126 INFO   e.c.o.j.s.c.f.Match - Фигура Knt была поставлена на G8
00:32:39.126 INFO   e.c.o.j.s.c.f.Match - Фигура R была поставлена на H8
00:32:39.126 INFO   e.c.o.j.s.c.f.Match - Фигура P была поставлена на A7
00:32:39.126 INFO   e.c.o.j.s.c.f.Match - Фигура P была поставлена на B7
00:32:39.126 INFO   e.c.o.j.s.c.f.Match - Фигура P была поставлена на C7
00:32:39.126 INFO   e.c.o.j.s.c.f.Match - Фигура P была поставлена на D7
00:32:39.126 INFO   e.c.o.j.s.c.f.Match - Фигура P была поставлена на E7
00:32:39.126 INFO   e.c.o.j.s.c.f.Match - Фигура P была поставлена на F7
00:32:39.126 INFO   e.c.o.j.s.c.f.Match - Фигура P была поставлена на G7
00:32:39.127 INFO   e.c.o.j.s.c.f.Match - Фигура P была поставлена на H7
00:32:39.127 INFO   e.c.o.j.s.c.f.Match - Клетка A6 пуста
00:32:39.127 INFO   e.c.o.j.s.c.f.Match - Клетка B6 пуста
00:32:39.127 INFO   e.c.o.j.s.c.f.Match - Клетка C6 пуста
00:32:39.127 INFO   e.c.o.j.s.c.f.Match - Клетка D6 пуста
00:32:39.127 INFO   e.c.o.j.s.c.f.Match - Клетка E6 пуста
00:32:39.127 INFO   e.c.o.j.s.c.f.Match - Клетка F6 пуста
00:32:39.128 INFO   e.c.o.j.s.c.f.Match - Клетка G6 пуста
00:32:39.128 INFO   e.c.o.j.s.c.f.Match - Клетка H6 пуста
00:32:39.128 INFO   e.c.o.j.s.c.f.Match - Клетка A5 пуста
00:32:39.128 INFO   e.c.o.j.s.c.f.Match - Клетка B5 пуста
00:32:39.128 INFO   e.c.o.j.s.c.f.Match - Клетка C5 пуста
00:32:39.128 INFO   e.c.o.j.s.c.f.Match - Клетка D5 пуста
00:32:39.128 INFO   e.c.o.j.s.c.f.Match - Клетка E5 пуста
00:32:39.128 INFO   e.c.o.j.s.c.f.Match - Клетка F5 пуста
00:32:39.128 INFO   e.c.o.j.s.c.f.Match - Клетка G5 пуста
00:32:39.128 INFO   e.c.o.j.s.c.f.Match - Клетка H5 пуста
00:32:39.128 INFO   e.c.o.j.s.c.f.Match - Клетка A4 пуста
00:32:39.128 INFO   e.c.o.j.s.c.f.Match - Клетка B4 пуста
00:32:39.129 INFO   e.c.o.j.s.c.f.Match - Клетка C4 пуста
00:32:39.129 INFO   e.c.o.j.s.c.f.Match - Клетка D4 пуста
00:32:39.129 INFO   e.c.o.j.s.c.f.Match - Клетка E4 пуста
00:32:39.129 INFO   e.c.o.j.s.c.f.Match - Клетка F4 пуста
00:32:39.129 INFO   e.c.o.j.s.c.f.Match - Клетка G4 пуста
00:32:39.129 INFO   e.c.o.j.s.c.f.Match - Клетка H4 пуста
00:32:39.129 INFO   e.c.o.j.s.c.f.Match - Клетка A3 пуста
00:32:39.129 INFO   e.c.o.j.s.c.f.Match - Клетка B3 пуста
00:32:39.129 INFO   e.c.o.j.s.c.f.Match - Клетка C3 пуста
00:32:39.129 INFO   e.c.o.j.s.c.f.Match - Клетка D3 пуста
00:32:39.130 INFO   e.c.o.j.s.c.f.Match - Клетка E3 пуста
00:32:39.130 INFO   e.c.o.j.s.c.f.Match - Клетка F3 пуста
00:32:39.130 INFO   e.c.o.j.s.c.f.Match - Клетка G3 пуста
00:32:39.130 INFO   e.c.o.j.s.c.f.Match - Клетка H3 пуста
00:32:39.130 INFO   e.c.o.j.s.c.f.Match - Фигура P была поставлена на A2
00:32:39.130 INFO   e.c.o.j.s.c.f.Match - Фигура P была поставлена на B2
00:32:39.130 INFO   e.c.o.j.s.c.f.Match - Фигура P была поставлена на C2
00:32:39.130 INFO   e.c.o.j.s.c.f.Match - Фигура P была поставлена на D2
00:32:39.130 INFO   e.c.o.j.s.c.f.Match - Фигура P была поставлена на E2
00:32:39.130 INFO   e.c.o.j.s.c.f.Match - Фигура P была поставлена на F2
00:32:39.130 INFO   e.c.o.j.s.c.f.Match - Фигура P была поставлена на G2
00:32:39.130 INFO   e.c.o.j.s.c.f.Match - Фигура P была поставлена на H2
00:32:39.131 INFO   e.c.o.j.s.c.f.Match - Фигура R была поставлена на A1
00:32:39.131 INFO   e.c.o.j.s.c.f.Match - Фигура Knt была поставлена на B1
00:32:39.131 INFO   e.c.o.j.s.c.f.Match - Фигура B была поставлена на C1
00:32:39.131 INFO   e.c.o.j.s.c.f.Match - Фигура Q была поставлена на D1
00:32:39.131 INFO   e.c.o.j.s.c.f.Match - Фигура K была поставлена на E1
00:32:39.131 INFO   e.c.o.j.s.c.f.Match - Фигура B была поставлена на F1
00:32:39.131 INFO   e.c.o.j.s.c.f.Match - Фигура Knt была поставлена на G1
00:32:39.131 INFO   e.c.o.j.s.c.f.Match - Фигура R была поставлена на H1
00:33:54.120 INFO   e.c.o.j.s.c.f.Match - Фигура R была поставлена на A8
00:33:54.123 INFO   e.c.o.j.s.c.f.Match - Фигура Knt была поставлена на B8
00:33:54.123 INFO   e.c.o.j.s.c.f.Match - Фигура B была поставлена на C8
00:33:54.123 INFO   e.c.o.j.s.c.f.Match - Фигура Q была поставлена на D8
00:33:54.123 INFO   e.c.o.j.s.c.f.Match - Фигура K была поставлена на E8
00:33:54.123 INFO   e.c.o.j.s.c.f.Match - Фигура B была поставлена на F8
00:33:54.123 INFO   e.c.o.j.s.c.f.Match - Фигура Knt была поставлена на G8
00:33:54.123 INFO   e.c.o.j.s.c.f.Match - Фигура R была поставлена на H8
00:33:54.123 INFO   e.c.o.j.s.c.f.Match - Фигура P была поставлена на A7
00:33:54.123 INFO   e.c.o.j.s.c.f.Match - Фигура P была поставлена на B7
00:33:54.123 INFO   e.c.o.j.s.c.f.Match - Фигура P была поставлена на C7
00:33:54.124 INFO   e.c.o.j.s.c.f.Match - Фигура P была поставлена на D7
00:33:54.124 INFO   e.c.o.j.s.c.f.Match - Фигура P была поставлена на E7
00:33:54.124 INFO   e.c.o.j.s.c.f.Match - Фигура P была поставлена на F7
00:33:54.124 INFO   e.c.o.j.s.c.f.Match - Фигура P была поставлена на G7
00:33:54.124 INFO   e.c.o.j.s.c.f.Match - Фигура P была поставлена на H7
00:33:54.124 INFO   e.c.o.j.s.c.f.Match - Клетка A6 пуста
00:33:54.124 INFO   e.c.o.j.s.c.f.Match - Клетка B6 пуста
00:33:54.124 INFO   e.c.o.j.s.c.f.Match - Клетка C6 пуста
00:33:54.124 INFO   e.c.o.j.s.c.f.Match - Клетка D6 пуста
00:33:54.125 INFO   e.c.o.j.s.c.f.Match - Клетка E6 пуста
00:33:54.125 INFO   e.c.o.j.s.c.f.Match - Клетка F6 пуста
00:33:54.125 INFO   e.c.o.j.s.c.f.Match - Клетка G6 пуста
00:33:54.125 INFO   e.c.o.j.s.c.f.Match - Клетка H6 пуста
00:33:54.125 INFO   e.c.o.j.s.c.f.Match - Клетка A5 пуста
00:33:54.125 INFO   e.c.o.j.s.c.f.Match - Клетка B5 пуста
00:33:54.125 INFO   e.c.o.j.s.c.f.Match - Клетка C5 пуста
00:33:54.125 INFO   e.c.o.j.s.c.f.Match - Клетка D5 пуста
00:33:54.125 INFO   e.c.o.j.s.c.f.Match - Клетка E5 пуста
00:33:54.126 INFO   e.c.o.j.s.c.f.Match - Клетка F5 пуста
00:33:54.126 INFO   e.c.o.j.s.c.f.Match - Клетка G5 пуста
00:33:54.126 INFO   e.c.o.j.s.c.f.Match - Клетка H5 пуста
00:33:54.126 INFO   e.c.o.j.s.c.f.Match - Клетка A4 пуста
00:33:54.126 INFO   e.c.o.j.s.c.f.Match - Клетка B4 пуста
00:33:54.126 INFO   e.c.o.j.s.c.f.Match - Клетка C4 пуста
00:33:54.126 INFO   e.c.o.j.s.c.f.Match - Клетка D4 пуста
00:33:54.126 INFO   e.c.o.j.s.c.f.Match - Клетка E4 пуста
00:33:54.126 INFO   e.c.o.j.s.c.f.Match - Клетка F4 пуста
00:33:54.126 INFO   e.c.o.j.s.c.f.Match - Клетка G4 пуста
00:33:54.126 INFO   e.c.o.j.s.c.f.Match - Клетка H4 пуста
00:33:54.127 INFO   e.c.o.j.s.c.f.Match - Клетка A3 пуста
00:33:54.127 INFO   e.c.o.j.s.c.f.Match - Клетка B3 пуста
00:33:54.127 INFO   e.c.o.j.s.c.f.Match - Клетка C3 пуста
00:33:54.127 INFO   e.c.o.j.s.c.f.Match - Клетка D3 пуста
00:33:54.127 INFO   e.c.o.j.s.c.f.Match - Клетка E3 пуста
00:33:54.127 INFO   e.c.o.j.s.c.f.Match - Клетка F3 пуста
00:33:54.127 INFO   e.c.o.j.s.c.f.Match - Клетка G3 пуста
00:33:54.127 INFO   e.c.o.j.s.c.f.Match - Клетка H3 пуста
00:33:54.127 INFO   e.c.o.j.s.c.f.Match - Фигура P была поставлена на A2
00:33:54.127 INFO   e.c.o.j.s.c.f.Match - Фигура P была поставлена на B2
00:33:54.127 INFO   e.c.o.j.s.c.f.Match - Фигура P была поставлена на C2
00:33:54.128 INFO   e.c.o.j.s.c.f.Match - Фигура P была поставлена на D2
00:33:54.128 INFO   e.c.o.j.s.c.f.Match - Фигура P была поставлена на E2
00:33:54.128 INFO   e.c.o.j.s.c.f.Match - Фигура P была поставлена на F2
00:33:54.128 INFO   e.c.o.j.s.c.f.Match - Фигура P была поставлена на G2
00:33:54.128 INFO   e.c.o.j.s.c.f.Match - Фигура P была поставлена на H2
00:33:54.128 INFO   e.c.o.j.s.c.f.Match - Фигура R была поставлена на A1
00:33:54.128 INFO   e.c.o.j.s.c.f.Match - Фигура Knt была поставлена на B1
00:33:54.128 INFO   e.c.o.j.s.c.f.Match - Фигура B была поставлена на C1
00:33:54.128 INFO   e.c.o.j.s.c.f.Match - Фигура Q была поставлена на D1
00:33:54.128 INFO   e.c.o.j.s.c.f.Match - Фигура K была поставлена на E1
00:33:54.128 INFO   e.c.o.j.s.c.f.Match - Фигура B была поставлена на F1
00:33:54.129 INFO   e.c.o.j.s.c.f.Match - Фигура Knt была поставлена на G1
00:33:54.129 INFO   e.c.o.j.s.c.f.Match - Фигура R была поставлена на H1
00:34:56.409 INFO   e.c.o.j.s.c.f.Match - Фигура R была поставлена на A8
00:34:56.413 INFO   e.c.o.j.s.c.f.Match - Фигура Knt была поставлена на B8
00:34:56.413 INFO   e.c.o.j.s.c.f.Match - Фигура B была поставлена на C8
00:34:56.413 INFO   e.c.o.j.s.c.f.Match - Фигура Q была поставлена на D8
00:34:56.413 INFO   e.c.o.j.s.c.f.Match - Фигура K была поставлена на E8
00:34:56.413 INFO   e.c.o.j.s.c.f.Match - Фигура B была поставлена на F8
00:34:56.413 INFO   e.c.o.j.s.c.f.Match - Фигура Knt была поставлена на G8
00:34:56.413 INFO   e.c.o.j.s.c.f.Match - Фигура R была поставлена на H8
00:34:56.413 INFO   e.c.o.j.s.c.f.Match - Фигура P была поставлена на A7
00:34:56.413 INFO   e.c.o.j.s.c.f.Match - Фигура P была поставлена на B7
00:34:56.413 INFO   e.c.o.j.s.c.f.Match - Фигура P была поставлена на C7
00:34:56.414 INFO   e.c.o.j.s.c.f.Match - Фигура P была поставлена на D7
00:34:56.414 INFO   e.c.o.j.s.c.f.Match - Фигура P была поставлена на E7
00:34:56.414 INFO   e.c.o.j.s.c.f.Match - Фигура P была поставлена на F7
00:34:56.414 INFO   e.c.o.j.s.c.f.Match - Фигура P была поставлена на G7
00:34:56.414 INFO   e.c.o.j.s.c.f.Match - Фигура P была поставлена на H7
00:34:56.414 INFO   e.c.o.j.s.c.f.Match - Клетка A6 пуста
00:34:56.414 INFO   e.c.o.j.s.c.f.Match - Клетка B6 пуста
00:34:56.414 INFO   e.c.o.j.s.c.f.Match - Клетка C6 пуста
00:34:56.414 INFO   e.c.o.j.s.c.f.Match - Клетка D6 пуста
00:34:56.415 INFO   e.c.o.j.s.c.f.Match - Клетка E6 пуста
00:34:56.415 INFO   e.c.o.j.s.c.f.Match - Клетка F6 пуста
00:34:56.415 INFO   e.c.o.j.s.c.f.Match - Клетка G6 пуста
00:34:56.415 INFO   e.c.o.j.s.c.f.Match - Клетка H6 пуста
00:34:56.415 INFO   e.c.o.j.s.c.f.Match - Клетка A5 пуста
00:34:56.415 INFO   e.c.o.j.s.c.f.Match - Клетка B5 пуста
00:34:56.415 INFO   e.c.o.j.s.c.f.Match - Клетка C5 пуста
00:34:56.415 INFO   e.c.o.j.s.c.f.Match - Клетка D5 пуста
00:34:56.415 INFO   e.c.o.j.s.c.f.Match - Клетка E5 пуста
00:34:56.415 INFO   e.c.o.j.s.c.f.Match - Клетка F5 пуста
00:34:56.416 INFO   e.c.o.j.s.c.f.Match - Клетка G5 пуста
00:34:56.416 INFO   e.c.o.j.s.c.f.Match - Клетка H5 пуста
00:34:56.416 INFO   e.c.o.j.s.c.f.Match - Клетка A4 пуста
00:34:56.416 INFO   e.c.o.j.s.c.f.Match - Клетка B4 пуста
00:34:56.416 INFO   e.c.o.j.s.c.f.Match - Клетка C4 пуста
00:34:56.416 INFO   e.c.o.j.s.c.f.Match - Клетка D4 пуста
00:34:56.416 INFO   e.c.o.j.s.c.f.Match - Клетка E4 пуста
00:34:56.416 INFO   e.c.o.j.s.c.f.Match - Клетка F4 пуста
00:34:56.416 INFO   e.c.o.j.s.c.f.Match - Клетка G4 пуста
00:34:56.416 INFO   e.c.o.j.s.c.f.Match - Клетка H4 пуста
00:34:56.416 INFO   e.c.o.j.s.c.f.Match - Клетка A3 пуста
00:34:56.416 INFO   e.c.o.j.s.c.f.Match - Клетка B3 пуста
00:34:56.417 INFO   e.c.o.j.s.c.f.Match - Клетка C3 пуста
00:34:56.417 INFO   e.c.o.j.s.c.f.Match - Клетка D3 пуста
00:34:56.417 INFO   e.c.o.j.s.c.f.Match - Клетка E3 пуста
00:34:56.417 INFO   e.c.o.j.s.c.f.Match - Клетка F3 пуста
00:34:56.417 INFO   e.c.o.j.s.c.f.Match - Клетка G3 пуста
00:34:56.417 INFO   e.c.o.j.s.c.f.Match - Клетка H3 пуста
00:34:56.417 INFO   e.c.o.j.s.c.f.Match - Фигура P была поставлена на A2
00:34:56.417 INFO   e.c.o.j.s.c.f.Match - Фигура P была поставлена на B2
00:34:56.417 INFO   e.c.o.j.s.c.f.Match - Фигура P была поставлена на C2
00:34:56.418 INFO   e.c.o.j.s.c.f.Match - Фигура P была поставлена на D2
00:34:56.418 INFO   e.c.o.j.s.c.f.Match - Фигура P была поставлена на E2
00:34:56.418 INFO   e.c.o.j.s.c.f.Match - Фигура P была поставлена на F2
00:34:56.418 INFO   e.c.o.j.s.c.f.Match - Фигура P была поставлена на G2
00:34:56.418 INFO   e.c.o.j.s.c.f.Match - Фигура P была поставлена на H2
00:34:56.418 INFO   e.c.o.j.s.c.f.Match - Фигура R была поставлена на A1
00:34:56.418 INFO   e.c.o.j.s.c.f.Match - Фигура Knt была поставлена на B1
00:34:56.418 INFO   e.c.o.j.s.c.f.Match - Фигура B была поставлена на C1
00:34:56.418 INFO   e.c.o.j.s.c.f.Match - Фигура Q была поставлена на D1
00:34:56.418 INFO   e.c.o.j.s.c.f.Match - Фигура K была поставлена на E1
00:34:56.418 INFO   e.c.o.j.s.c.f.Match - Фигура B была поставлена на F1
00:34:56.418 INFO   e.c.o.j.s.c.f.Match - Фигура Knt была поставлена на G1
00:34:56.418 INFO   e.c.o.j.s.c.f.Match - Фигура R была поставлена на H1
00:34:57.481 INFO   e.c.o.j.s.c.f.Match - Фигура R была поставлена на A8
00:34:57.483 INFO   e.c.o.j.s.c.f.Match - Фигура Knt была поставлена на B8
00:34:57.483 INFO   e.c.o.j.s.c.f.Match - Фигура B была поставлена на C8
00:34:57.483 INFO   e.c.o.j.s.c.f.Match - Фигура Q была поставлена на D8
00:34:57.483 INFO   e.c.o.j.s.c.f.Match - Фигура K была поставлена на E8
00:34:57.483 INFO   e.c.o.j.s.c.f.Match - Фигура B была поставлена на F8
00:34:57.483 INFO   e.c.o.j.s.c.f.Match - Фигура Knt была поставлена на G8
00:34:57.483 INFO   e.c.o.j.s.c.f.Match - Фигура R была поставлена на H8
00:34:57.483 INFO   e.c.o.j.s.c.f.Match - Фигура P была поставлена на A7
00:34:57.483 INFO   e.c.o.j.s.c.f.Match - Фигура P была поставлена на B7
00:34:57.484 INFO   e.c.o.j.s.c.f.Match - Фигура P была поставлена на C7
00:34:57.484 INFO   e.c.o.j.s.c.f.Match - Фигура P была поставлена на D7
00:34:57.484 INFO   e.c.o.j.s.c.f.Match - Фигура P была поставлена на E7
00:34:57.484 INFO   e.c.o.j.s.c.f.Match - Фигура P была поставлена на F7
00:34:57.484 INFO   e.c.o.j.s.c.f.Match - Фигура P была поставлена на G7
00:34:57.484 INFO   e.c.o.j.s.c.f.Match - Фигура P была поставлена на H7
00:34:57.484 INFO   e.c.o.j.s.c.f.Match - Клетка A6 пуста
00:34:57.484 INFO   e.c.o.j.s.c.f.Match - Клетка B6 пуста
00:34:57.484 INFO   e.c.o.j.s.c.f.Match - Клетка C6 пуста
00:34:57.484 INFO   e.c.o.j.s.c.f.Match - Клетка D6 пуста
00:34:57.485 INFO   e.c.o.j.s.c.f.Match - Клетка E6 пуста
00:34:57.485 INFO   e.c.o.j.s.c.f.Match - Клетка F6 пуста
00:34:57.485 INFO   e.c.o.j.s.c.f.Match - Клетка G6 пуста
00:34:57.485 INFO   e.c.o.j.s.c.f.Match - Клетка H6 пуста
00:34:57.485 INFO   e.c.o.j.s.c.f.Match - Клетка A5 пуста
00:34:57.485 INFO   e.c.o.j.s.c.f.Match - Клетка B5 пуста
00:34:57.485 INFO   e.c.o.j.s.c.f.Match - Клетка C5 пуста
00:34:57.485 INFO   e.c.o.j.s.c.f.Match - Клетка D5 пуста
00:34:57.485 INFO   e.c.o.j.s.c.f.Match - Клетка E5 пуста
00:34:57.485 INFO   e.c.o.j.s.c.f.Match - Клетка F5 пуста
00:34:57.485 INFO   e.c.o.j.s.c.f.Match - Клетка G5 пуста
00:34:57.485 INFO   e.c.o.j.s.c.f.Match - Клетка H5 пуста
00:34:57.486 INFO   e.c.o.j.s.c.f.Match - Клетка A4 пуста
00:34:57.486 INFO   e.c.o.j.s.c.f.Match - Клетка B4 пуста
00:34:57.486 INFO   e.c.o.j.s.c.f.Match - Клетка C4 пуста
00:34:57.486 INFO   e.c.o.j.s.c.f.Match - Клетка D4 пуста
00:34:57.486 INFO   e.c.o.j.s.c.f.Match - Клетка E4 пуста
00:34:57.486 INFO   e.c.o.j.s.c.f.Match - Клетка F4 пуста
00:34:57.486 INFO   e.c.o.j.s.c.f.Match - Клетка G4 пуста
00:34:57.486 INFO   e.c.o.j.s.c.f.Match - Клетка H4 пуста
00:34:57.486 INFO   e.c.o.j.s.c.f.Match - Клетка A3 пуста
00:34:57.486 INFO   e.c.o.j.s.c.f.Match - Клетка B3 пуста
00:34:57.486 INFO   e.c.o.j.s.c.f.Match - Клетка C3 пуста
00:34:57.486 INFO   e.c.o.j.s.c.f.Match - Клетка D3 пуста
00:34:57.486 INFO   e.c.o.j.s.c.f.Match - Клетка E3 пуста
00:34:57.487 INFO   e.c.o.j.s.c.f.Match - Клетка F3 пуста
00:34:57.487 INFO   e.c.o.j.s.c.f.Match - Клетка G3 пуста
00:34:57.487 INFO   e.c.o.j.s.c.f.Match - Клетка H3 пуста
00:34:57.487 INFO   e.c.o.j.s.c.f.Match - Фигура P была поставлена на A2
00:34:57.487 INFO   e.c.o.j.s.c.f.Match - Фигура P была поставлена на B2
00:34:57.487 INFO   e.c.o.j.s.c.f.Match - Фигура P была поставлена на C2
00:34:57.487 INFO   e.c.o.j.s.c.f.Match - Фигура P была поставлена на D2
00:34:57.487 INFO   e.c.o.j.s.c.f.Match - Фигура P была поставлена на E2
00:34:57.487 INFO   e.c.o.j.s.c.f.Match - Фигура P была поставлена на F2
00:34:57.487 INFO   e.c.o.j.s.c.f.Match - Фигура P была поставлена на G2
00:34:57.487 INFO   e.c.o.j.s.c.f.Match - Фигура P была поставлена на H2
00:34:57.488 INFO   e.c.o.j.s.c.f.Match - Фигура R была поставлена на A1
00:34:57.488 INFO   e.c.o.j.s.c.f.Match - Фигура Knt была поставлена на B1
00:34:57.488 INFO   e.c.o.j.s.c.f.Match - Фигура B была поставлена на C1
00:34:57.488 INFO   e.c.o.j.s.c.f.Match - Фигура Q была поставлена на D1
00:34:57.488 INFO   e.c.o.j.s.c.f.Match - Фигура K была поставлена на E1
00:34:57.488 INFO   e.c.o.j.s.c.f.Match - Фигура B была поставлена на F1
00:34:57.488 INFO   e.c.o.j.s.c.f.Match - Фигура Knt была поставлена на G1
00:34:57.488 INFO   e.c.o.j.s.c.f.Match - Фигура R была поставлена на H1
